{
  message: 'Database Connected successfully!!!',
  level: 'info',
  label: 'NodeExpressMongoose',
  timestamp: '2023-06-30T19:00:31.783Z'
}
{
  message: 'Server is running on port 5000',
  level: 'info',
  label: 'NodeExpressMongoose',
  timestamp: '2023-06-30T19:00:31.794Z'
}
{
  message: 'Database Connected successfully!!!',
  level: 'info',
  label: 'NodeExpressMongoose',
  timestamp: '2023-06-30T19:00:34.897Z'
}
{
  message: 'Server is running on port 5000',
  level: 'info',
  label: 'NodeExpressMongoose',
  timestamp: '2023-06-30T19:00:34.906Z'
}
{
  message: 'Database Connected successfully!!!',
  level: 'info',
  label: 'NodeExpressMongoose',
  timestamp: '2023-06-30T19:00:37.630Z'
}
{
  message: 'Server is running on port 5000',
  level: 'info',
  label: 'NodeExpressMongoose',
  timestamp: '2023-06-30T19:00:37.640Z'
}
{
  message: 'Database Connected successfully!!!',
  level: 'info',
  label: 'NodeExpressMongoose',
  timestamp: '2023-06-30T19:00:39.011Z'
}
{
  message: 'Server is running on port 5000',
  level: 'info',
  label: 'NodeExpressMongoose',
  timestamp: '2023-06-30T19:00:39.022Z'
}
{
  message: 'Database Connected successfully!!!',
  level: 'info',
  label: 'NodeExpressMongoose',
  timestamp: '2023-06-30T19:00:42.959Z'
}
{
  message: 'Server is running on port 5000',
  level: 'info',
  label: 'NodeExpressMongoose',
  timestamp: '2023-06-30T19:00:42.968Z'
}
{
  message: 'Database Connected successfully!!!',
  level: 'info',
  label: 'NodeExpressMongoose',
  timestamp: '2023-06-30T19:00:45.448Z'
}
{
  message: 'Server is running on port 5000',
  level: 'info',
  label: 'NodeExpressMongoose',
  timestamp: '2023-06-30T19:00:45.463Z'
}
{
  message: 'Database Connected successfully!!!',
  level: 'info',
  label: 'NodeExpressMongoose',
  timestamp: '2023-06-30T19:00:56.836Z'
}
{
  message: 'Server is running on port 5000',
  level: 'info',
  label: 'NodeExpressMongoose',
  timestamp: '2023-06-30T19:00:56.847Z'
}
{
  message: 'Database Connected successfully!!!',
  level: 'info',
  label: 'NodeExpressMongoose',
  timestamp: '2023-06-30T19:01:14.985Z'
}
{
  message: 'Server is running on port 5000',
  level: 'info',
  label: 'NodeExpressMongoose',
  timestamp: '2023-06-30T19:01:14.997Z'
}
{
  message: 'Database Connected successfully!!!',
  level: 'info',
  label: 'NodeExpressMongoose',
  timestamp: '2023-06-30T19:01:17.388Z'
}
{
  message: 'Server is running on port 5000',
  level: 'info',
  label: 'NodeExpressMongoose',
  timestamp: '2023-06-30T19:01:17.453Z'
}
{
  message: 'Database Connected successfully!!!',
  level: 'info',
  label: 'NodeExpressMongoose',
  timestamp: '2023-06-30T19:02:45.224Z'
}
{
  message: 'Server is running on port 5000',
  level: 'info',
  label: 'NodeExpressMongoose',
  timestamp: '2023-06-30T19:02:45.234Z'
}
{
  message: 'Database Connected successfully!!!',
  level: 'info',
  label: 'NodeExpressMongoose',
  timestamp: '2023-06-30T19:04:26.278Z'
}
{
  message: 'Server is running on port 5000',
  level: 'info',
  label: 'NodeExpressMongoose',
  timestamp: '2023-06-30T19:04:26.288Z'
}
{
  message: 'Database Connected successfully!!!',
  level: 'info',
  label: 'NodeExpressMongoose',
  timestamp: '2023-06-30T19:04:27.712Z'
}
{
  message: 'Server is running on port 5000',
  level: 'info',
  label: 'NodeExpressMongoose',
  timestamp: '2023-06-30T19:04:27.722Z'
}
{
  message: 'Database Connected successfully!!!',
  level: 'info',
  label: 'NodeExpressMongoose',
  timestamp: '2023-06-30T19:04:34.338Z'
}
{
  message: 'Server is running on port 5000',
  level: 'info',
  label: 'NodeExpressMongoose',
  timestamp: '2023-06-30T19:04:34.350Z'
}
{
  message: 'Database Connected successfully!!!',
  level: 'info',
  label: 'NodeExpressMongoose',
  timestamp: '2023-06-30T19:04:38.889Z'
}
{
  message: 'Server is running on port 5000',
  level: 'info',
  label: 'NodeExpressMongoose',
  timestamp: '2023-06-30T19:04:38.901Z'
}
{
  message: 'Database Connected successfully!!!',
  level: 'info',
  label: 'NodeExpressMongoose',
  timestamp: '2023-06-30T19:05:12.405Z'
}
{
  message: 'Server is running on port 5000',
  level: 'info',
  label: 'NodeExpressMongoose',
  timestamp: '2023-06-30T19:05:12.416Z'
}
{
  message: 'Database Connected successfully!!!',
  level: 'info',
  label: 'NodeExpressMongoose',
  timestamp: '2023-06-30T19:10:23.854Z'
}
{
  message: 'Server is running on port 5000',
  level: 'info',
  label: 'NodeExpressMongoose',
  timestamp: '2023-06-30T19:10:23.864Z'
}
{
  message: 'Database Connected successfully!!!',
  level: 'info',
  label: 'NodeExpressMongoose',
  timestamp: '2023-06-30T19:10:26.311Z'
}
{
  message: 'Server is running on port 5000',
  level: 'info',
  label: 'NodeExpressMongoose',
  timestamp: '2023-06-30T19:10:26.330Z'
}
{
  message: 'Database Connected successfully!!!',
  level: 'info',
  label: 'NodeExpressMongoose',
  timestamp: '2023-06-30T19:10:28.410Z'
}
{
  message: 'Server is running on port 5000',
  level: 'info',
  label: 'NodeExpressMongoose',
  timestamp: '2023-06-30T19:10:28.423Z'
}
{
  message: 'Database Connected successfully!!!',
  level: 'info',
  label: 'NodeExpressMongoose',
  timestamp: '2023-06-30T19:13:55.908Z'
}
{
  message: 'Server is running on port 5000',
  level: 'info',
  label: 'NodeExpressMongoose',
  timestamp: '2023-06-30T19:13:55.922Z'
}
{
  message: 'Database Connected successfully!!!',
  level: 'info',
  label: 'NodeExpressMongoose',
  timestamp: '2023-06-30T19:14:00.084Z'
}
{
  message: 'Server is running on port 5000',
  level: 'info',
  label: 'NodeExpressMongoose',
  timestamp: '2023-06-30T19:14:00.100Z'
}
{
  message: 'Database Connected successfully!!!',
  level: 'info',
  label: 'NodeExpressMongoose',
  timestamp: '2023-06-30T19:14:16.668Z'
}
{
  message: 'Server is running on port 5000',
  level: 'info',
  label: 'NodeExpressMongoose',
  timestamp: '2023-06-30T19:14:16.686Z'
}
{
  message: 'Database Connected successfully!!!',
  level: 'info',
  label: 'NodeExpressMongoose',
  timestamp: '2023-06-30T19:14:20.126Z'
}
{
  message: 'Server is running on port 5000',
  level: 'info',
  label: 'NodeExpressMongoose',
  timestamp: '2023-06-30T19:14:20.135Z'
}
{
  message: 'Database Connected successfully!!!',
  level: 'info',
  label: 'NodeExpressMongoose',
  timestamp: '2023-06-30T19:14:30.603Z'
}
{
  message: 'Server is running on port 5000',
  level: 'info',
  label: 'NodeExpressMongoose',
  timestamp: '2023-06-30T19:14:30.616Z'
}
{
  message: 'Database Connected successfully!!!',
  level: 'info',
  label: 'NodeExpressMongoose',
  timestamp: '2023-06-30T19:14:34.884Z'
}
{
  message: 'Server is running on port 5000',
  level: 'info',
  label: 'NodeExpressMongoose',
  timestamp: '2023-06-30T19:14:34.904Z'
}
{
  message: 'Database Connected successfully!!!',
  level: 'info',
  label: 'NodeExpressMongoose',
  timestamp: '2023-06-30T19:14:38.584Z'
}
{
  message: 'Server is running on port 5000',
  level: 'info',
  label: 'NodeExpressMongoose',
  timestamp: '2023-06-30T19:14:38.598Z'
}
{
  message: 'Database Connected successfully!!!',
  level: 'info',
  label: 'NodeExpressMongoose',
  timestamp: '2023-06-30T19:14:43.217Z'
}
{
  message: 'Server is running on port 5000',
  level: 'info',
  label: 'NodeExpressMongoose',
  timestamp: '2023-06-30T19:14:43.227Z'
}
{
  message: 'Database Connected successfully!!!',
  level: 'info',
  label: 'NodeExpressMongoose',
  timestamp: '2023-06-30T19:14:46.059Z'
}
{
  message: 'Server is running on port 5000',
  level: 'info',
  label: 'NodeExpressMongoose',
  timestamp: '2023-06-30T19:14:46.070Z'
}
{
  message: 'Database Connected successfully!!!',
  level: 'info',
  label: 'NodeExpressMongoose',
  timestamp: '2023-06-30T19:15:55.431Z'
}
{
  message: 'Server is running on port 5000',
  level: 'info',
  label: 'NodeExpressMongoose',
  timestamp: '2023-06-30T19:15:55.441Z'
}
{
  message: 'Database Connected successfully!!!',
  level: 'info',
  label: 'NodeExpressMongoose',
  timestamp: '2023-06-30T19:15:57.279Z'
}
{
  message: 'Server is running on port 5000',
  level: 'info',
  label: 'NodeExpressMongoose',
  timestamp: '2023-06-30T19:15:57.290Z'
}
{
  message: 'Database Connected successfully!!!',
  level: 'info',
  label: 'NodeExpressMongoose',
  timestamp: '2023-06-30T19:16:01.495Z'
}
{
  message: 'Server is running on port 5000',
  level: 'info',
  label: 'NodeExpressMongoose',
  timestamp: '2023-06-30T19:16:01.521Z'
}
{
  message: 'Database Connected successfully!!!',
  level: 'info',
  label: 'NodeExpressMongoose',
  timestamp: '2023-06-30T19:16:05.290Z'
}
{
  message: 'Server is running on port 5000',
  level: 'info',
  label: 'NodeExpressMongoose',
  timestamp: '2023-06-30T19:16:05.316Z'
}
{
  message: 'Database Connected successfully!!!',
  level: 'info',
  label: 'NodeExpressMongoose',
  timestamp: '2023-06-30T19:16:10.780Z'
}
{
  message: 'Server is running on port 5000',
  level: 'info',
  label: 'NodeExpressMongoose',
  timestamp: '2023-06-30T19:16:10.793Z'
}
{
  message: 'Database Connected successfully!!!',
  level: 'info',
  label: 'NodeExpressMongoose',
  timestamp: '2023-06-30T19:16:13.885Z'
}
{
  message: 'Server is running on port 5000',
  level: 'info',
  label: 'NodeExpressMongoose',
  timestamp: '2023-06-30T19:16:13.895Z'
}
{
  message: 'Database Connected successfully!!!',
  level: 'info',
  label: 'NodeExpressMongoose',
  timestamp: '2023-06-30T19:16:22.416Z'
}
{
  message: 'Server is running on port 5000',
  level: 'info',
  label: 'NodeExpressMongoose',
  timestamp: '2023-06-30T19:16:22.427Z'
}
{
  message: 'Database Connected successfully!!!',
  level: 'info',
  label: 'NodeExpressMongoose',
  timestamp: '2023-06-30T19:16:48.237Z'
}
{
  message: 'Server is running on port 5000',
  level: 'info',
  label: 'NodeExpressMongoose',
  timestamp: '2023-06-30T19:16:48.254Z'
}
{
  message: 'Database Connected successfully!!!',
  level: 'info',
  label: 'NodeExpressMongoose',
  timestamp: '2023-06-30T19:16:50.804Z'
}
{
  message: 'Server is running on port 5000',
  level: 'info',
  label: 'NodeExpressMongoose',
  timestamp: '2023-06-30T19:16:50.822Z'
}
{
  message: 'Database Connected successfully!!!',
  level: 'info',
  label: 'NodeExpressMongoose',
  timestamp: '2023-06-30T19:18:06.620Z'
}
{
  message: 'Server is running on port 5000',
  level: 'info',
  label: 'NodeExpressMongoose',
  timestamp: '2023-06-30T19:18:06.630Z'
}
{
  message: 'Database Connected successfully!!!',
  level: 'info',
  label: 'NodeExpressMongoose',
  timestamp: '2023-06-30T19:19:57.543Z'
}
{
  message: 'Server is running on port 5000',
  level: 'info',
  label: 'NodeExpressMongoose',
  timestamp: '2023-06-30T19:19:57.572Z'
}
{
  message: 'Database Connected successfully!!!',
  level: 'info',
  label: 'NodeExpressMongoose',
  timestamp: '2023-06-30T19:20:02.733Z'
}
{
  message: 'Server is running on port 5000',
  level: 'info',
  label: 'NodeExpressMongoose',
  timestamp: '2023-06-30T19:20:02.754Z'
}
{
  message: 'Database Connected successfully!!!',
  level: 'info',
  label: 'NodeExpressMongoose',
  timestamp: '2023-06-30T19:20:04.840Z'
}
{
  message: 'Server is running on port 5000',
  level: 'info',
  label: 'NodeExpressMongoose',
  timestamp: '2023-06-30T19:20:04.849Z'
}
{
  message: 'Database Connected successfully!!!',
  level: 'info',
  label: 'NodeExpressMongoose',
  timestamp: '2023-06-30T19:20:08.813Z'
}
{
  message: 'Server is running on port 5000',
  level: 'info',
  label: 'NodeExpressMongoose',
  timestamp: '2023-06-30T19:20:08.837Z'
}
{
  message: 'Database Connected successfully!!!',
  level: 'info',
  label: 'NodeExpressMongoose',
  timestamp: '2023-06-30T19:20:10.730Z'
}
{
  message: 'Server is running on port 5000',
  level: 'info',
  label: 'NodeExpressMongoose',
  timestamp: '2023-06-30T19:20:10.740Z'
}
{
  message: 'Database Connected successfully!!!',
  level: 'info',
  label: 'NodeExpressMongoose',
  timestamp: '2023-06-30T19:20:14.429Z'
}
{
  message: 'Server is running on port 5000',
  level: 'info',
  label: 'NodeExpressMongoose',
  timestamp: '2023-06-30T19:20:14.442Z'
}
{
  message: 'Database Connected successfully!!!',
  level: 'info',
  label: 'NodeExpressMongoose',
  timestamp: '2023-06-30T19:20:17.810Z'
}
{
  message: 'Server is running on port 5000',
  level: 'info',
  label: 'NodeExpressMongoose',
  timestamp: '2023-06-30T19:20:17.821Z'
}
{
  message: 'Database Connected successfully!!!',
  level: 'info',
  label: 'NodeExpressMongoose',
  timestamp: '2023-06-30T19:20:22.714Z'
}
{
  message: 'Server is running on port 5000',
  level: 'info',
  label: 'NodeExpressMongoose',
  timestamp: '2023-06-30T19:20:22.725Z'
}
{
  message: 'Database Connected successfully!!!',
  level: 'info',
  label: 'NodeExpressMongoose',
  timestamp: '2023-06-30T19:20:27.208Z'
}
{
  message: 'Server is running on port 5000',
  level: 'info',
  label: 'NodeExpressMongoose',
  timestamp: '2023-06-30T19:20:27.219Z'
}
{
  message: 'Database Connected successfully!!!',
  level: 'info',
  label: 'NodeExpressMongoose',
  timestamp: '2023-06-30T19:20:29.403Z'
}
{
  message: 'Server is running on port 5000',
  level: 'info',
  label: 'NodeExpressMongoose',
  timestamp: '2023-06-30T19:20:29.413Z'
}
{
  message: 'Database Connected successfully!!!',
  level: 'info',
  label: 'NodeExpressMongoose',
  timestamp: '2023-06-30T19:22:51.018Z'
}
{
  message: 'Server is running on port 5000',
  level: 'info',
  label: 'NodeExpressMongoose',
  timestamp: '2023-06-30T19:22:51.030Z'
}
{
  message: 'Database Connected successfully!!!',
  level: 'info',
  label: 'NodeExpressMongoose',
  timestamp: '2023-06-30T19:24:40.934Z'
}
{
  message: 'Server is running on port 5000',
  level: 'info',
  label: 'NodeExpressMongoose',
  timestamp: '2023-06-30T19:24:40.950Z'
}
{
  message: 'Database Connected successfully!!!',
  level: 'info',
  label: 'NodeExpressMongoose',
  timestamp: '2023-06-30T19:24:43.601Z'
}
{
  message: 'Server is running on port 5000',
  level: 'info',
  label: 'NodeExpressMongoose',
  timestamp: '2023-06-30T19:24:43.611Z'
}
{
  message: 'Database Connected successfully!!!',
  level: 'info',
  label: 'NodeExpressMongoose',
  timestamp: '2023-06-30T19:24:48.682Z'
}
{
  message: 'Server is running on port 5000',
  level: 'info',
  label: 'NodeExpressMongoose',
  timestamp: '2023-06-30T19:24:48.695Z'
}
{
  message: 'Database Connected successfully!!!',
  level: 'info',
  label: 'NodeExpressMongoose',
  timestamp: '2023-06-30T19:25:01.779Z'
}
{
  message: 'Server is running on port 5000',
  level: 'info',
  label: 'NodeExpressMongoose',
  timestamp: '2023-06-30T19:25:01.802Z'
}
{
  message: 'Database Connected successfully!!!',
  level: 'info',
  label: 'NodeExpressMongoose',
  timestamp: '2023-06-30T19:25:03.244Z'
}
{
  message: 'Server is running on port 5000',
  level: 'info',
  label: 'NodeExpressMongoose',
  timestamp: '2023-06-30T19:25:03.258Z'
}
{
  message: 'Database Connected successfully!!!',
  level: 'info',
  label: 'NodeExpressMongoose',
  timestamp: '2023-06-30T19:25:49.868Z'
}
{
  message: 'Server is running on port 5000',
  level: 'info',
  label: 'NodeExpressMongoose',
  timestamp: '2023-06-30T19:25:49.893Z'
}
{
  message: 'Database Connected successfully!!!',
  level: 'info',
  label: 'NodeExpressMongoose',
  timestamp: '2023-06-30T19:25:51.357Z'
}
{
  message: 'Server is running on port 5000',
  level: 'info',
  label: 'NodeExpressMongoose',
  timestamp: '2023-06-30T19:25:51.368Z'
}
{
  message: 'Database Connected successfully!!!',
  level: 'info',
  label: 'NodeExpressMongoose',
  timestamp: '2023-06-30T19:28:30.596Z'
}
{
  message: 'Server is running on port 5000',
  level: 'info',
  label: 'NodeExpressMongoose',
  timestamp: '2023-06-30T19:28:30.605Z'
}
