{
  message: 'Database Connected successfully!!!',
  level: 'info',
  label: 'NodeExpressMongoose',
  timestamp: '2023-07-01T06:16:33.895Z'
}
{
  message: 'Server is running on port 5000',
  level: 'info',
  label: 'NodeExpressMongoose',
  timestamp: '2023-07-01T06:16:33.923Z'
}
{
  message: 'Database Connected successfully!!!',
  level: 'info',
  label: 'NodeExpressMongoose',
  timestamp: '2023-07-01T06:18:14.722Z'
}
{
  message: 'Server is running on port 5000',
  level: 'info',
  label: 'NodeExpressMongoose',
  timestamp: '2023-07-01T06:18:14.748Z'
}
{
  message: 'Database Connected successfully!!!',
  level: 'info',
  label: 'NodeExpressMongoose',
  timestamp: '2023-07-01T06:19:51.749Z'
}
{
  message: 'Server is running on port 5000',
  level: 'info',
  label: 'NodeExpressMongoose',
  timestamp: '2023-07-01T06:19:51.771Z'
}
{
  message: 'Database Connected successfully!!!',
  level: 'info',
  label: 'NodeExpressMongoose',
  timestamp: '2023-07-01T06:20:21.839Z'
}
{
  message: 'Server is running on port 5000',
  level: 'info',
  label: 'NodeExpressMongoose',
  timestamp: '2023-07-01T06:20:21.856Z'
}
{
  message: 'Database Connected successfully!!!',
  level: 'info',
  label: 'NodeExpressMongoose',
  timestamp: '2023-07-01T06:21:04.497Z'
}
{
  message: 'Server is running on port 5000',
  level: 'info',
  label: 'NodeExpressMongoose',
  timestamp: '2023-07-01T06:21:04.567Z'
}
{
  message: 'Database Connected successfully!!!',
  level: 'info',
  label: 'NodeExpressMongoose',
  timestamp: '2023-07-01T06:21:27.924Z'
}
{
  message: 'Server is running on port 5000',
  level: 'info',
  label: 'NodeExpressMongoose',
  timestamp: '2023-07-01T06:21:27.944Z'
}
{
  message: 'Database Connected successfully!!!',
  level: 'info',
  label: 'NodeExpressMongoose',
  timestamp: '2023-07-01T06:21:37.269Z'
}
{
  message: 'Server is running on port 5000',
  level: 'info',
  label: 'NodeExpressMongoose',
  timestamp: '2023-07-01T06:21:37.367Z'
}
{
  message: 'Database Connected successfully!!!',
  level: 'info',
  label: 'NodeExpressMongoose',
  timestamp: '2023-07-01T06:23:37.640Z'
}
{
  message: 'Server is running on port 5000',
  level: 'info',
  label: 'NodeExpressMongoose',
  timestamp: '2023-07-01T06:23:37.678Z'
}
{
  message: 'Database Connected successfully!!!',
  level: 'info',
  label: 'NodeExpressMongoose',
  timestamp: '2023-07-01T06:23:41.698Z'
}
{
  message: 'Server is running on port 5000',
  level: 'info',
  label: 'NodeExpressMongoose',
  timestamp: '2023-07-01T06:23:41.710Z'
}
{
  message: 'Database Connected successfully!!!',
  level: 'info',
  label: 'NodeExpressMongoose',
  timestamp: '2023-07-01T06:23:44.838Z'
}
{
  message: 'Server is running on port 5000',
  level: 'info',
  label: 'NodeExpressMongoose',
  timestamp: '2023-07-01T06:23:44.853Z'
}
{
  message: 'Database Connected successfully!!!',
  level: 'info',
  label: 'NodeExpressMongoose',
  timestamp: '2023-07-01T06:23:52.643Z'
}
{
  message: 'Server is running on port 5000',
  level: 'info',
  label: 'NodeExpressMongoose',
  timestamp: '2023-07-01T06:23:52.666Z'
}
{
  message: 'Database Connected successfully!!!',
  level: 'info',
  label: 'NodeExpressMongoose',
  timestamp: '2023-07-01T06:23:57.933Z'
}
{
  message: 'Server is running on port 5000',
  level: 'info',
  label: 'NodeExpressMongoose',
  timestamp: '2023-07-01T06:23:57.988Z'
}
{
  message: 'Database Connected successfully!!!',
  level: 'info',
  label: 'NodeExpressMongoose',
  timestamp: '2023-07-01T06:24:00.503Z'
}
{
  message: 'Server is running on port 5000',
  level: 'info',
  label: 'NodeExpressMongoose',
  timestamp: '2023-07-01T06:24:00.523Z'
}
{
  message: 'Database Connected successfully!!!',
  level: 'info',
  label: 'NodeExpressMongoose',
  timestamp: '2023-07-01T06:25:11.982Z'
}
{
  message: 'Server is running on port 5000',
  level: 'info',
  label: 'NodeExpressMongoose',
  timestamp: '2023-07-01T06:25:11.996Z'
}
{
  message: 'Database Connected successfully!!!',
  level: 'info',
  label: 'NodeExpressMongoose',
  timestamp: '2023-07-01T06:25:44.276Z'
}
{
  message: 'Server is running on port 5000',
  level: 'info',
  label: 'NodeExpressMongoose',
  timestamp: '2023-07-01T06:25:44.297Z'
}
{
  message: 'Database Connected successfully!!!',
  level: 'info',
  label: 'NodeExpressMongoose',
  timestamp: '2023-07-01T06:28:45.164Z'
}
{
  message: 'Server is running on port 5000',
  level: 'info',
  label: 'NodeExpressMongoose',
  timestamp: '2023-07-01T06:28:45.177Z'
}
{
  message: 'Database Connected successfully!!!',
  level: 'info',
  label: 'NodeExpressMongoose',
  timestamp: '2023-07-01T06:28:52.315Z'
}
{
  message: 'Server is running on port 5000',
  level: 'info',
  label: 'NodeExpressMongoose',
  timestamp: '2023-07-01T06:28:52.333Z'
}
{
  message: 'Database Connected successfully!!!',
  level: 'info',
  label: 'NodeExpressMongoose',
  timestamp: '2023-07-01T06:29:07.056Z'
}
{
  message: 'Server is running on port 5000',
  level: 'info',
  label: 'NodeExpressMongoose',
  timestamp: '2023-07-01T06:29:07.075Z'
}
{
  message: 'Database Connected successfully!!!',
  level: 'info',
  label: 'NodeExpressMongoose',
  timestamp: '2023-07-01T06:29:09.973Z'
}
{
  message: 'Server is running on port 5000',
  level: 'info',
  label: 'NodeExpressMongoose',
  timestamp: '2023-07-01T06:29:10.004Z'
}
{
  message: 'Database Connected successfully!!!',
  level: 'info',
  label: 'NodeExpressMongoose',
  timestamp: '2023-07-01T06:33:25.118Z'
}
{
  message: 'Server is running on port 5000',
  level: 'info',
  label: 'NodeExpressMongoose',
  timestamp: '2023-07-01T06:33:25.143Z'
}
{
  message: 'Database Connected successfully!!!',
  level: 'info',
  label: 'NodeExpressMongoose',
  timestamp: '2023-07-01T06:33:28.644Z'
}
{
  message: 'Server is running on port 5000',
  level: 'info',
  label: 'NodeExpressMongoose',
  timestamp: '2023-07-01T06:33:28.655Z'
}
{
  message: 'Database Connected successfully!!!',
  level: 'info',
  label: 'NodeExpressMongoose',
  timestamp: '2023-07-01T06:33:43.610Z'
}
{
  message: 'Server is running on port 5000',
  level: 'info',
  label: 'NodeExpressMongoose',
  timestamp: '2023-07-01T06:33:43.625Z'
}
{
  message: 'Database Connected successfully!!!',
  level: 'info',
  label: 'NodeExpressMongoose',
  timestamp: '2023-07-01T06:36:11.463Z'
}
{
  message: 'Server is running on port 5000',
  level: 'info',
  label: 'NodeExpressMongoose',
  timestamp: '2023-07-01T06:36:11.475Z'
}
{
  message: 'Database Connected successfully!!!',
  level: 'info',
  label: 'NodeExpressMongoose',
  timestamp: '2023-07-01T06:36:16.233Z'
}
{
  message: 'Server is running on port 5000',
  level: 'info',
  label: 'NodeExpressMongoose',
  timestamp: '2023-07-01T06:36:16.254Z'
}
{
  message: 'Database Connected successfully!!!',
  level: 'info',
  label: 'NodeExpressMongoose',
  timestamp: '2023-07-01T06:36:24.061Z'
}
{
  message: 'Server is running on port 5000',
  level: 'info',
  label: 'NodeExpressMongoose',
  timestamp: '2023-07-01T06:36:24.120Z'
}
{
  message: 'Database Connected successfully!!!',
  level: 'info',
  label: 'NodeExpressMongoose',
  timestamp: '2023-07-01T06:36:32.959Z'
}
{
  message: 'Server is running on port 5000',
  level: 'info',
  label: 'NodeExpressMongoose',
  timestamp: '2023-07-01T06:36:33.046Z'
}
{
  message: 'Database Connected successfully!!!',
  level: 'info',
  label: 'NodeExpressMongoose',
  timestamp: '2023-07-01T06:36:43.508Z'
}
{
  message: 'Server is running on port 5000',
  level: 'info',
  label: 'NodeExpressMongoose',
  timestamp: '2023-07-01T06:36:43.604Z'
}
{
  message: 'Database Connected successfully!!!',
  level: 'info',
  label: 'NodeExpressMongoose',
  timestamp: '2023-07-01T06:36:54.499Z'
}
{
  message: 'Server is running on port 5000',
  level: 'info',
  label: 'NodeExpressMongoose',
  timestamp: '2023-07-01T06:36:54.560Z'
}
{
  message: 'Database Connected successfully!!!',
  level: 'info',
  label: 'NodeExpressMongoose',
  timestamp: '2023-07-01T06:39:10.052Z'
}
{
  message: 'Server is running on port 5000',
  level: 'info',
  label: 'NodeExpressMongoose',
  timestamp: '2023-07-01T06:39:10.085Z'
}
{
  message: 'Database Connected successfully!!!',
  level: 'info',
  label: 'NodeExpressMongoose',
  timestamp: '2023-07-01T06:39:19.159Z'
}
{
  message: 'Server is running on port 5000',
  level: 'info',
  label: 'NodeExpressMongoose',
  timestamp: '2023-07-01T06:39:19.182Z'
}
{
  message: 'Database Connected successfully!!!',
  level: 'info',
  label: 'NodeExpressMongoose',
  timestamp: '2023-07-01T06:39:30.615Z'
}
{
  message: 'Server is running on port 5000',
  level: 'info',
  label: 'NodeExpressMongoose',
  timestamp: '2023-07-01T06:39:30.634Z'
}
{
  message: 'Database Connected successfully!!!',
  level: 'info',
  label: 'NodeExpressMongoose',
  timestamp: '2023-07-01T06:39:35.901Z'
}
{
  message: 'Server is running on port 5000',
  level: 'info',
  label: 'NodeExpressMongoose',
  timestamp: '2023-07-01T06:39:35.923Z'
}
{
  message: 'Database Connected successfully!!!',
  level: 'info',
  label: 'NodeExpressMongoose',
  timestamp: '2023-07-01T06:40:07.319Z'
}
{
  message: 'Server is running on port 5000',
  level: 'info',
  label: 'NodeExpressMongoose',
  timestamp: '2023-07-01T06:40:07.334Z'
}
{
  message: 'Database Connected successfully!!!',
  level: 'info',
  label: 'NodeExpressMongoose',
  timestamp: '2023-07-01T06:40:23.230Z'
}
{
  message: 'Server is running on port 5000',
  level: 'info',
  label: 'NodeExpressMongoose',
  timestamp: '2023-07-01T06:40:23.241Z'
}
{
  message: 'Database Connected successfully!!!',
  level: 'info',
  label: 'NodeExpressMongoose',
  timestamp: '2023-07-01T06:40:29.265Z'
}
{
  message: 'Server is running on port 5000',
  level: 'info',
  label: 'NodeExpressMongoose',
  timestamp: '2023-07-01T06:40:29.276Z'
}
{
  message: 'Database Connected successfully!!!',
  level: 'info',
  label: 'NodeExpressMongoose',
  timestamp: '2023-07-01T06:40:44.581Z'
}
{
  message: 'Server is running on port 5000',
  level: 'info',
  label: 'NodeExpressMongoose',
  timestamp: '2023-07-01T06:40:44.593Z'
}
{
  message: 'Database Connected successfully!!!',
  level: 'info',
  label: 'NodeExpressMongoose',
  timestamp: '2023-07-01T06:40:52.637Z'
}
{
  message: 'Server is running on port 5000',
  level: 'info',
  label: 'NodeExpressMongoose',
  timestamp: '2023-07-01T06:40:52.648Z'
}
{
  message: 'Database Connected successfully!!!',
  level: 'info',
  label: 'NodeExpressMongoose',
  timestamp: '2023-07-01T06:40:56.836Z'
}
{
  message: 'Server is running on port 5000',
  level: 'info',
  label: 'NodeExpressMongoose',
  timestamp: '2023-07-01T06:40:56.849Z'
}
{
  message: 'Database Connected successfully!!!',
  level: 'info',
  label: 'NodeExpressMongoose',
  timestamp: '2023-07-01T06:41:47.756Z'
}
{
  message: 'Server is running on port 5000',
  level: 'info',
  label: 'NodeExpressMongoose',
  timestamp: '2023-07-01T06:41:47.794Z'
}
{
  message: 'Database Connected successfully!!!',
  level: 'info',
  label: 'NodeExpressMongoose',
  timestamp: '2023-07-01T06:42:15.718Z'
}
{
  message: 'Server is running on port 5000',
  level: 'info',
  label: 'NodeExpressMongoose',
  timestamp: '2023-07-01T06:42:15.735Z'
}
{
  message: 'Database Connected successfully!!!',
  level: 'info',
  label: 'NodeExpressMongoose',
  timestamp: '2023-07-01T06:42:21.871Z'
}
{
  message: 'Server is running on port 5000',
  level: 'info',
  label: 'NodeExpressMongoose',
  timestamp: '2023-07-01T06:42:21.882Z'
}
{
  message: 'Database Connected successfully!!!',
  level: 'info',
  label: 'NodeExpressMongoose',
  timestamp: '2023-07-01T06:42:27.137Z'
}
{
  message: 'Server is running on port 5000',
  level: 'info',
  label: 'NodeExpressMongoose',
  timestamp: '2023-07-01T06:42:27.180Z'
}
{
  message: 'Database Connected successfully!!!',
  level: 'info',
  label: 'NodeExpressMongoose',
  timestamp: '2023-07-01T06:59:56.864Z'
}
{
  message: 'Server is running on port 5000',
  level: 'info',
  label: 'NodeExpressMongoose',
  timestamp: '2023-07-01T06:59:56.986Z'
}
