{
  message: 'Database Connected successfully!!!',
  level: 'info',
  label: 'NodeExpressMongoose',
  timestamp: '2023-07-01T07:00:08.936Z'
}
{
  message: 'Server is running on port 5000',
  level: 'info',
  label: 'NodeExpressMongoose',
  timestamp: '2023-07-01T07:00:08.956Z'
}
{
  message: 'Database Connected successfully!!!',
  level: 'info',
  label: 'NodeExpressMongoose',
  timestamp: '2023-07-01T07:00:22.021Z'
}
{
  message: 'Server is running on port 5000',
  level: 'info',
  label: 'NodeExpressMongoose',
  timestamp: '2023-07-01T07:00:22.040Z'
}
{
  message: 'Database Connected successfully!!!',
  level: 'info',
  label: 'NodeExpressMongoose',
  timestamp: '2023-07-01T07:00:24.322Z'
}
{
  message: 'Server is running on port 5000',
  level: 'info',
  label: 'NodeExpressMongoose',
  timestamp: '2023-07-01T07:00:24.334Z'
}
{
  message: 'Database Connected successfully!!!',
  level: 'info',
  label: 'NodeExpressMongoose',
  timestamp: '2023-07-01T07:00:58.937Z'
}
{
  message: 'Server is running on port 5000',
  level: 'info',
  label: 'NodeExpressMongoose',
  timestamp: '2023-07-01T07:00:58.959Z'
}
{
  message: 'Database Connected successfully!!!',
  level: 'info',
  label: 'NodeExpressMongoose',
  timestamp: '2023-07-01T07:01:06.699Z'
}
{
  message: 'Server is running on port 5000',
  level: 'info',
  label: 'NodeExpressMongoose',
  timestamp: '2023-07-01T07:01:06.720Z'
}
{
  message: 'Database Connected successfully!!!',
  level: 'info',
  label: 'NodeExpressMongoose',
  timestamp: '2023-07-01T07:01:09.881Z'
}
{
  message: 'Server is running on port 5000',
  level: 'info',
  label: 'NodeExpressMongoose',
  timestamp: '2023-07-01T07:01:09.944Z'
}
{
  message: 'Database Connected successfully!!!',
  level: 'info',
  label: 'NodeExpressMongoose',
  timestamp: '2023-07-01T07:01:13.723Z'
}
{
  message: 'Server is running on port 5000',
  level: 'info',
  label: 'NodeExpressMongoose',
  timestamp: '2023-07-01T07:01:13.736Z'
}
{
  message: 'Database Connected successfully!!!',
  level: 'info',
  label: 'NodeExpressMongoose',
  timestamp: '2023-07-01T07:01:40.694Z'
}
{
  message: 'Server is running on port 5000',
  level: 'info',
  label: 'NodeExpressMongoose',
  timestamp: '2023-07-01T07:01:40.727Z'
}
{
  message: 'Database Connected successfully!!!',
  level: 'info',
  label: 'NodeExpressMongoose',
  timestamp: '2023-07-01T07:02:21.875Z'
}
{
  message: 'Server is running on port 5000',
  level: 'info',
  label: 'NodeExpressMongoose',
  timestamp: '2023-07-01T07:02:21.900Z'
}
{
  message: 'Database Connected successfully!!!',
  level: 'info',
  label: 'NodeExpressMongoose',
  timestamp: '2023-07-01T07:03:52.869Z'
}
{
  message: 'Server is running on port 5000',
  level: 'info',
  label: 'NodeExpressMongoose',
  timestamp: '2023-07-01T07:03:52.883Z'
}
{
  message: 'Database Connected successfully!!!',
  level: 'info',
  label: 'NodeExpressMongoose',
  timestamp: '2023-07-01T07:04:05.470Z'
}
{
  message: 'Server is running on port 5000',
  level: 'info',
  label: 'NodeExpressMongoose',
  timestamp: '2023-07-01T07:04:05.504Z'
}
{
  message: 'Database Connected successfully!!!',
  level: 'info',
  label: 'NodeExpressMongoose',
  timestamp: '2023-07-01T07:04:10.332Z'
}
{
  message: 'Server is running on port 5000',
  level: 'info',
  label: 'NodeExpressMongoose',
  timestamp: '2023-07-01T07:04:10.347Z'
}
{
  message: 'Database Connected successfully!!!',
  level: 'info',
  label: 'NodeExpressMongoose',
  timestamp: '2023-07-01T07:04:18.221Z'
}
{
  message: 'Server is running on port 5000',
  level: 'info',
  label: 'NodeExpressMongoose',
  timestamp: '2023-07-01T07:04:18.249Z'
}
{
  message: 'Database Connected successfully!!!',
  level: 'info',
  label: 'NodeExpressMongoose',
  timestamp: '2023-07-01T07:04:26.638Z'
}
{
  message: 'Server is running on port 5000',
  level: 'info',
  label: 'NodeExpressMongoose',
  timestamp: '2023-07-01T07:04:26.648Z'
}
{
  message: 'Database Connected successfully!!!',
  level: 'info',
  label: 'NodeExpressMongoose',
  timestamp: '2023-07-01T07:05:43.545Z'
}
{
  message: 'Server is running on port 5000',
  level: 'info',
  label: 'NodeExpressMongoose',
  timestamp: '2023-07-01T07:05:43.558Z'
}
{
  message: 'Database Connected successfully!!!',
  level: 'info',
  label: 'NodeExpressMongoose',
  timestamp: '2023-07-01T07:05:46.337Z'
}
{
  message: 'Server is running on port 5000',
  level: 'info',
  label: 'NodeExpressMongoose',
  timestamp: '2023-07-01T07:05:46.350Z'
}
{
  message: 'Database Connected successfully!!!',
  level: 'info',
  label: 'NodeExpressMongoose',
  timestamp: '2023-07-01T07:07:08.945Z'
}
{
  message: 'Server is running on port 5000',
  level: 'info',
  label: 'NodeExpressMongoose',
  timestamp: '2023-07-01T07:07:08.964Z'
}
{
  message: 'Database Connected successfully!!!',
  level: 'info',
  label: 'NodeExpressMongoose',
  timestamp: '2023-07-01T07:08:17.394Z'
}
{
  message: 'Server is running on port 5000',
  level: 'info',
  label: 'NodeExpressMongoose',
  timestamp: '2023-07-01T07:08:17.419Z'
}
{
  message: 'Database Connected successfully!!!',
  level: 'info',
  label: 'NodeExpressMongoose',
  timestamp: '2023-07-01T07:08:37.169Z'
}
{
  message: 'Server is running on port 5000',
  level: 'info',
  label: 'NodeExpressMongoose',
  timestamp: '2023-07-01T07:08:37.180Z'
}
{
  message: 'Database Connected successfully!!!',
  level: 'info',
  label: 'NodeExpressMongoose',
  timestamp: '2023-07-01T07:08:44.239Z'
}
{
  message: 'Server is running on port 5000',
  level: 'info',
  label: 'NodeExpressMongoose',
  timestamp: '2023-07-01T07:08:44.283Z'
}
{
  message: 'Database Connected successfully!!!',
  level: 'info',
  label: 'NodeExpressMongoose',
  timestamp: '2023-07-01T07:09:32.561Z'
}
{
  message: 'Server is running on port 5000',
  level: 'info',
  label: 'NodeExpressMongoose',
  timestamp: '2023-07-01T07:09:32.576Z'
}
{
  message: 'Database Connected successfully!!!',
  level: 'info',
  label: 'NodeExpressMongoose',
  timestamp: '2023-07-01T07:09:38.191Z'
}
{
  message: 'Server is running on port 5000',
  level: 'info',
  label: 'NodeExpressMongoose',
  timestamp: '2023-07-01T07:09:38.264Z'
}
{
  message: 'Database Connected successfully!!!',
  level: 'info',
  label: 'NodeExpressMongoose',
  timestamp: '2023-07-01T07:09:40.955Z'
}
{
  message: 'Server is running on port 5000',
  level: 'info',
  label: 'NodeExpressMongoose',
  timestamp: '2023-07-01T07:09:40.969Z'
}
{
  message: 'Database Connected successfully!!!',
  level: 'info',
  label: 'NodeExpressMongoose',
  timestamp: '2023-07-01T07:11:24.796Z'
}
{
  message: 'Server is running on port 5000',
  level: 'info',
  label: 'NodeExpressMongoose',
  timestamp: '2023-07-01T07:11:24.810Z'
}
{
  message: 'Database Connected successfully!!!',
  level: 'info',
  label: 'NodeExpressMongoose',
  timestamp: '2023-07-01T07:11:42.345Z'
}
{
  message: 'Server is running on port 5000',
  level: 'info',
  label: 'NodeExpressMongoose',
  timestamp: '2023-07-01T07:11:42.357Z'
}
{
  message: 'Database Connected successfully!!!',
  level: 'info',
  label: 'NodeExpressMongoose',
  timestamp: '2023-07-01T07:12:12.587Z'
}
{
  message: 'Server is running on port 5000',
  level: 'info',
  label: 'NodeExpressMongoose',
  timestamp: '2023-07-01T07:12:12.600Z'
}
{
  message: 'Database Connected successfully!!!',
  level: 'info',
  label: 'NodeExpressMongoose',
  timestamp: '2023-07-01T07:13:06.241Z'
}
{
  message: 'Server is running on port 5000',
  level: 'info',
  label: 'NodeExpressMongoose',
  timestamp: '2023-07-01T07:13:06.252Z'
}
{
  message: 'Database Connected successfully!!!',
  level: 'info',
  label: 'NodeExpressMongoose',
  timestamp: '2023-07-01T07:15:36.872Z'
}
{
  message: 'Server is running on port 5000',
  level: 'info',
  label: 'NodeExpressMongoose',
  timestamp: '2023-07-01T07:15:36.886Z'
}
{
  message: 'Database Connected successfully!!!',
  level: 'info',
  label: 'NodeExpressMongoose',
  timestamp: '2023-07-01T07:15:48.552Z'
}
{
  message: 'Server is running on port 5000',
  level: 'info',
  label: 'NodeExpressMongoose',
  timestamp: '2023-07-01T07:15:48.562Z'
}
{
  message: 'Database Connected successfully!!!',
  level: 'info',
  label: 'NodeExpressMongoose',
  timestamp: '2023-07-01T07:16:13.415Z'
}
{
  message: 'Server is running on port 5000',
  level: 'info',
  label: 'NodeExpressMongoose',
  timestamp: '2023-07-01T07:16:13.435Z'
}
{
  message: 'Database Connected successfully!!!',
  level: 'info',
  label: 'NodeExpressMongoose',
  timestamp: '2023-07-01T07:16:20.188Z'
}
{
  message: 'Server is running on port 5000',
  level: 'info',
  label: 'NodeExpressMongoose',
  timestamp: '2023-07-01T07:16:20.217Z'
}
{
  message: 'Database Connected successfully!!!',
  level: 'info',
  label: 'NodeExpressMongoose',
  timestamp: '2023-07-01T07:17:04.651Z'
}
{
  message: 'Server is running on port 5000',
  level: 'info',
  label: 'NodeExpressMongoose',
  timestamp: '2023-07-01T07:17:04.668Z'
}
{
  message: 'Database Connected successfully!!!',
  level: 'info',
  label: 'NodeExpressMongoose',
  timestamp: '2023-07-01T07:39:13.316Z'
}
{
  message: 'Server is running on port 5000',
  level: 'info',
  label: 'NodeExpressMongoose',
  timestamp: '2023-07-01T07:39:13.335Z'
}
