{
  message: 'Database Connected successfully!!!',
  level: 'info',
  label: 'NodeExpressMongoose',
  timestamp: '2023-07-03T15:00:44.616Z'
}
{
  message: 'Server is running on port 5000',
  level: 'info',
  label: 'NodeExpressMongoose',
  timestamp: '2023-07-03T15:00:44.625Z'
}
{
  message: 'Database Connected successfully!!!',
  level: 'info',
  label: 'NodeExpressMongoose',
  timestamp: '2023-07-03T15:02:04.867Z'
}
{
  message: 'Server is running on port 5000',
  level: 'info',
  label: 'NodeExpressMongoose',
  timestamp: '2023-07-03T15:02:04.885Z'
}
{
  message: 'Database Connected successfully!!!',
  level: 'info',
  label: 'NodeExpressMongoose',
  timestamp: '2023-07-03T15:02:12.705Z'
}
{
  message: 'Server is running on port 5000',
  level: 'info',
  label: 'NodeExpressMongoose',
  timestamp: '2023-07-03T15:02:12.721Z'
}
{
  message: 'Database Connected successfully!!!',
  level: 'info',
  label: 'NodeExpressMongoose',
  timestamp: '2023-07-03T15:02:24.840Z'
}
{
  message: 'Server is running on port 5000',
  level: 'info',
  label: 'NodeExpressMongoose',
  timestamp: '2023-07-03T15:02:24.861Z'
}
{
  message: 'Database Connected successfully!!!',
  level: 'info',
  label: 'NodeExpressMongoose',
  timestamp: '2023-07-03T15:03:17.222Z'
}
{
  message: 'Server is running on port 5000',
  level: 'info',
  label: 'NodeExpressMongoose',
  timestamp: '2023-07-03T15:03:17.237Z'
}
{
  message: 'Database Connected successfully!!!',
  level: 'info',
  label: 'NodeExpressMongoose',
  timestamp: '2023-07-03T15:03:20.738Z'
}
{
  message: 'Server is running on port 5000',
  level: 'info',
  label: 'NodeExpressMongoose',
  timestamp: '2023-07-03T15:03:20.760Z'
}
{
  message: 'Database Connected successfully!!!',
  level: 'info',
  label: 'NodeExpressMongoose',
  timestamp: '2023-07-03T15:03:22.800Z'
}
{
  message: 'Server is running on port 5000',
  level: 'info',
  label: 'NodeExpressMongoose',
  timestamp: '2023-07-03T15:03:22.810Z'
}
{
  message: 'Database Connected successfully!!!',
  level: 'info',
  label: 'NodeExpressMongoose',
  timestamp: '2023-07-03T15:03:30.917Z'
}
{
  message: 'Server is running on port 5000',
  level: 'info',
  label: 'NodeExpressMongoose',
  timestamp: '2023-07-03T15:03:30.937Z'
}
{
  message: 'Database Connected successfully!!!',
  level: 'info',
  label: 'NodeExpressMongoose',
  timestamp: '2023-07-03T15:04:55.577Z'
}
{
  message: 'Server is running on port 5000',
  level: 'info',
  label: 'NodeExpressMongoose',
  timestamp: '2023-07-03T15:04:55.599Z'
}
{
  message: 'Database Connected successfully!!!',
  level: 'info',
  label: 'NodeExpressMongoose',
  timestamp: '2023-07-03T15:05:05.310Z'
}
{
  message: 'Server is running on port 5000',
  level: 'info',
  label: 'NodeExpressMongoose',
  timestamp: '2023-07-03T15:05:05.332Z'
}
{
  message: 'Database Connected successfully!!!',
  level: 'info',
  label: 'NodeExpressMongoose',
  timestamp: '2023-07-03T15:32:37.867Z'
}
{
  message: 'Server is running on port 5000',
  level: 'info',
  label: 'NodeExpressMongoose',
  timestamp: '2023-07-03T15:32:37.880Z'
}
{
  message: 'Database Connected successfully!!!',
  level: 'info',
  label: 'NodeExpressMongoose',
  timestamp: '2023-07-03T15:37:27.010Z'
}
{
  message: 'Server is running on port 5000',
  level: 'info',
  label: 'NodeExpressMongoose',
  timestamp: '2023-07-03T15:37:27.040Z'
}
{
  message: 'Database Connected successfully!!!',
  level: 'info',
  label: 'NodeExpressMongoose',
  timestamp: '2023-07-03T15:38:01.459Z'
}
{
  message: 'Server is running on port 5000',
  level: 'info',
  label: 'NodeExpressMongoose',
  timestamp: '2023-07-03T15:38:01.477Z'
}
{
  message: 'Database Connected successfully!!!',
  level: 'info',
  label: 'NodeExpressMongoose',
  timestamp: '2023-07-03T15:38:04.116Z'
}
{
  message: 'Server is running on port 5000',
  level: 'info',
  label: 'NodeExpressMongoose',
  timestamp: '2023-07-03T15:38:04.139Z'
}
{
  message: 'Database Connected successfully!!!',
  level: 'info',
  label: 'NodeExpressMongoose',
  timestamp: '2023-07-03T15:38:09.066Z'
}
{
  message: 'Server is running on port 5000',
  level: 'info',
  label: 'NodeExpressMongoose',
  timestamp: '2023-07-03T15:38:09.096Z'
}
{
  message: 'Database Connected successfully!!!',
  level: 'info',
  label: 'NodeExpressMongoose',
  timestamp: '2023-07-03T15:38:22.124Z'
}
{
  message: 'Server is running on port 5000',
  level: 'info',
  label: 'NodeExpressMongoose',
  timestamp: '2023-07-03T15:38:22.137Z'
}
{
  message: 'Database Connected successfully!!!',
  level: 'info',
  label: 'NodeExpressMongoose',
  timestamp: '2023-07-03T15:38:27.806Z'
}
{
  message: 'Server is running on port 5000',
  level: 'info',
  label: 'NodeExpressMongoose',
  timestamp: '2023-07-03T15:38:27.818Z'
}
{
  message: 'Database Connected successfully!!!',
  level: 'info',
  label: 'NodeExpressMongoose',
  timestamp: '2023-07-03T15:38:30.687Z'
}
{
  message: 'Server is running on port 5000',
  level: 'info',
  label: 'NodeExpressMongoose',
  timestamp: '2023-07-03T15:38:30.705Z'
}
{
  message: 'Database Connected successfully!!!',
  level: 'info',
  label: 'NodeExpressMongoose',
  timestamp: '2023-07-03T15:38:35.027Z'
}
{
  message: 'Server is running on port 5000',
  level: 'info',
  label: 'NodeExpressMongoose',
  timestamp: '2023-07-03T15:38:35.042Z'
}
{
  message: 'Database Connected successfully!!!',
  level: 'info',
  label: 'NodeExpressMongoose',
  timestamp: '2023-07-03T15:38:41.201Z'
}
{
  message: 'Server is running on port 5000',
  level: 'info',
  label: 'NodeExpressMongoose',
  timestamp: '2023-07-03T15:38:41.212Z'
}
{
  message: 'Database Connected successfully!!!',
  level: 'info',
  label: 'NodeExpressMongoose',
  timestamp: '2023-07-03T15:38:44.496Z'
}
{
  message: 'Server is running on port 5000',
  level: 'info',
  label: 'NodeExpressMongoose',
  timestamp: '2023-07-03T15:38:44.510Z'
}
{
  message: 'Database Connected successfully!!!',
  level: 'info',
  label: 'NodeExpressMongoose',
  timestamp: '2023-07-03T15:38:48.431Z'
}
{
  message: 'Server is running on port 5000',
  level: 'info',
  label: 'NodeExpressMongoose',
  timestamp: '2023-07-03T15:38:48.459Z'
}
{
  message: 'Database Connected successfully!!!',
  level: 'info',
  label: 'NodeExpressMongoose',
  timestamp: '2023-07-03T15:40:55.055Z'
}
{
  message: 'Server is running on port 5000',
  level: 'info',
  label: 'NodeExpressMongoose',
  timestamp: '2023-07-03T15:40:55.081Z'
}
{
  message: 'Database Connected successfully!!!',
  level: 'info',
  label: 'NodeExpressMongoose',
  timestamp: '2023-07-03T15:42:23.634Z'
}
{
  message: 'Server is running on port 5000',
  level: 'info',
  label: 'NodeExpressMongoose',
  timestamp: '2023-07-03T15:42:23.661Z'
}
{
  message: 'Database Connected successfully!!!',
  level: 'info',
  label: 'NodeExpressMongoose',
  timestamp: '2023-07-03T15:44:18.282Z'
}
{
  message: 'Server is running on port 5000',
  level: 'info',
  label: 'NodeExpressMongoose',
  timestamp: '2023-07-03T15:44:18.300Z'
}
{
  message: 'Database Connected successfully!!!',
  level: 'info',
  label: 'NodeExpressMongoose',
  timestamp: '2023-07-03T15:45:26.495Z'
}
{
  message: 'Database Connected successfully!!!',
  level: 'info',
  label: 'NodeExpressMongoose',
  timestamp: '2023-07-03T15:45:28.113Z'
}
{
  message: 'Server is running on port 5000',
  level: 'info',
  label: 'NodeExpressMongoose',
  timestamp: '2023-07-03T15:45:28.125Z'
}
{
  message: 'Database Connected successfully!!!',
  level: 'info',
  label: 'NodeExpressMongoose',
  timestamp: '2023-07-03T15:45:32.271Z'
}
{
  message: 'Server is running on port 5000',
  level: 'info',
  label: 'NodeExpressMongoose',
  timestamp: '2023-07-03T15:45:32.292Z'
}
{
  message: 'Database Connected successfully!!!',
  level: 'info',
  label: 'NodeExpressMongoose',
  timestamp: '2023-07-03T15:45:38.770Z'
}
{
  message: 'Server is running on port 5000',
  level: 'info',
  label: 'NodeExpressMongoose',
  timestamp: '2023-07-03T15:45:38.782Z'
}
{
  message: 'Database Connected successfully!!!',
  level: 'info',
  label: 'NodeExpressMongoose',
  timestamp: '2023-07-03T15:45:48.240Z'
}
{
  message: 'Server is running on port 5000',
  level: 'info',
  label: 'NodeExpressMongoose',
  timestamp: '2023-07-03T15:45:48.255Z'
}
{
  message: 'Database Connected successfully!!!',
  level: 'info',
  label: 'NodeExpressMongoose',
  timestamp: '2023-07-03T15:45:51.102Z'
}
{
  message: 'Server is running on port 5000',
  level: 'info',
  label: 'NodeExpressMongoose',
  timestamp: '2023-07-03T15:45:51.114Z'
}
{
  message: 'Database Connected successfully!!!',
  level: 'info',
  label: 'NodeExpressMongoose',
  timestamp: '2023-07-03T15:45:53.310Z'
}
{
  message: 'Server is running on port 5000',
  level: 'info',
  label: 'NodeExpressMongoose',
  timestamp: '2023-07-03T15:45:53.323Z'
}
{
  message: 'Database Connected successfully!!!',
  level: 'info',
  label: 'NodeExpressMongoose',
  timestamp: '2023-07-03T15:46:07.800Z'
}
{
  message: 'Server is running on port 5000',
  level: 'info',
  label: 'NodeExpressMongoose',
  timestamp: '2023-07-03T15:46:07.812Z'
}
{
  message: 'Database Connected successfully!!!',
  level: 'info',
  label: 'NodeExpressMongoose',
  timestamp: '2023-07-03T15:47:49.192Z'
}
{
  message: 'Server is running on port 5000',
  level: 'info',
  label: 'NodeExpressMongoose',
  timestamp: '2023-07-03T15:47:49.214Z'
}
