{
  message: 'Database Connected successfully!!!',
  level: 'info',
  label: 'NodeExpressMongoose',
  timestamp: '2023-06-30T05:44:11.406Z'
}
{
  message: 'Server is running on port 5000',
  level: 'info',
  label: 'NodeExpressMongoose',
  timestamp: '2023-06-30T05:44:11.435Z'
}
{
  message: 'Database Connected successfully!!!',
  level: 'info',
  label: 'NodeExpressMongoose',
  timestamp: '2023-06-30T05:45:13.264Z'
}
{
  message: 'Server is running on port 5000',
  level: 'info',
  label: 'NodeExpressMongoose',
  timestamp: '2023-06-30T05:45:13.279Z'
}
{
  message: 'Database Connected successfully!!!',
  level: 'info',
  label: 'NodeExpressMongoose',
  timestamp: '2023-06-30T05:49:02.436Z'
}
{
  message: 'Server is running on port 5000',
  level: 'info',
  label: 'NodeExpressMongoose',
  timestamp: '2023-06-30T05:49:02.448Z'
}
