{
  level: 'error',
  message: 'globalErrorHandler user_model_1.User.paginate is not a function',
  stack: 'TypeError: user_model_1.User.paginate is not a function\n' +
    '    at C:\\Users\\SUNYS\\Desktop\\NodeExpressMongoose\\src\\app\\modules\\users\\user.service.ts:38:29\n' +
    '    at Generator.next (<anonymous>)\n' +
    '    at C:\\Users\\SUNYS\\Desktop\\NodeExpressMongoose\\src\\app\\modules\\users\\user.service.ts:8:71\n' +
    '    at new Promise (<anonymous>)\n' +
    '    at __awaiter (C:\\Users\\SUNYS\\Desktop\\NodeExpressMongoose\\src\\app\\modules\\users\\user.service.ts:4:12)\n' +
    '    at Object.getAllUsers (C:\\Users\\SUNYS\\Desktop\\NodeExpressMongoose\\src\\app\\modules\\users\\user.service.ts:30:34)\n' +
    '    at C:\\Users\\SUNYS\\Desktop\\NodeExpressMongoose\\src\\app\\modules\\users\\user.controller.ts:27:38\n' +
    '    at Generator.next (<anonymous>)\n' +
    '    at C:\\Users\\SUNYS\\Desktop\\NodeExpressMongoose\\src\\app\\modules\\users\\user.controller.ts:8:71\n' +
    '    at new Promise (<anonymous>)',
  label: 'NodeExpressMongoose',
  timestamp: '2023-07-01T04:09:35.155Z'
}
{
  level: 'error',
  message: 'globalErrorHandler user_model_1.User.paginate is not a function',
  stack: 'TypeError: user_model_1.User.paginate is not a function\n' +
    '    at C:\\Users\\SUNYS\\Desktop\\NodeExpressMongoose\\src\\app\\modules\\users\\user.service.ts:38:29\n' +
    '    at Generator.next (<anonymous>)\n' +
    '    at C:\\Users\\SUNYS\\Desktop\\NodeExpressMongoose\\src\\app\\modules\\users\\user.service.ts:8:71\n' +
    '    at new Promise (<anonymous>)\n' +
    '    at __awaiter (C:\\Users\\SUNYS\\Desktop\\NodeExpressMongoose\\src\\app\\modules\\users\\user.service.ts:4:12)\n' +
    '    at Object.getAllUsers (C:\\Users\\SUNYS\\Desktop\\NodeExpressMongoose\\src\\app\\modules\\users\\user.service.ts:30:34)\n' +
    '    at C:\\Users\\SUNYS\\Desktop\\NodeExpressMongoose\\src\\app\\modules\\users\\user.controller.ts:28:38\n' +
    '    at Generator.next (<anonymous>)\n' +
    '    at C:\\Users\\SUNYS\\Desktop\\NodeExpressMongoose\\src\\app\\modules\\users\\user.controller.ts:8:71\n' +
    '    at new Promise (<anonymous>)',
  label: 'NodeExpressMongoose',
  timestamp: '2023-07-01T04:10:37.254Z'
}
{
  level: 'error',
  message: 'globalErrorHandler Invalid field "" passed to sort()',
  stack: 'Error: Invalid field "" passed to sort()\n' +
    '    at model.Query.exec (C:\\Users\\SUNYS\\Desktop\\NodeExpressMongoose\\node_modules\\mongoose\\lib\\query.js:4368:13)\n' +
    '    at model.Query.Query.then (C:\\Users\\SUNYS\\Desktop\\NodeExpressMongoose\\node_modules\\mongoose\\lib\\query.js:4515:15)\n' +
    '    at processTicksAndRejections (node:internal/process/task_queues:95:5)',
  label: 'NodeExpressMongoose',
  timestamp: '2023-07-01T04:24:04.599Z'
}
{
  level: 'error',
  message: 'globalErrorHandler Invalid sort value: { id: aec }',
  stack: 'TypeError: Invalid sort value: { id: aec }\n' +
    '    at push (C:\\Users\\SUNYS\\Desktop\\NodeExpressMongoose\\node_modules\\mquery\\lib\\mquery.js:1315:19)\n' +
    '    at model.Query.Query.sort (C:\\Users\\SUNYS\\Desktop\\NodeExpressMongoose\\node_modules\\mquery\\lib\\mquery.js:1272:7)\n' +
    '    at model.Query.Query.sort (C:\\Users\\SUNYS\\Desktop\\NodeExpressMongoose\\node_modules\\mongoose\\lib\\query.js:2941:26)\n' +
    '    at C:\\Users\\SUNYS\\Desktop\\NodeExpressMongoose\\src\\app\\modules\\users\\user.service.ts:37:6\n' +
    '    at Generator.next (<anonymous>)\n' +
    '    at C:\\Users\\SUNYS\\Desktop\\NodeExpressMongoose\\src\\app\\modules\\users\\user.service.ts:8:71\n' +
    '    at new Promise (<anonymous>)\n' +
    '    at __awaiter (C:\\Users\\SUNYS\\Desktop\\NodeExpressMongoose\\src\\app\\modules\\users\\user.service.ts:4:12)\n' +
    '    at Object.getAllUsers (C:\\Users\\SUNYS\\Desktop\\NodeExpressMongoose\\src\\app\\modules\\users\\user.service.ts:31:41)\n' +
    '    at C:\\Users\\SUNYS\\Desktop\\NodeExpressMongoose\\src\\app\\modules\\users\\user.controller.ts:27:38',
  label: 'NodeExpressMongoose',
  timestamp: '2023-07-01T04:43:22.324Z'
}
{
  level: 'error',
  message: 'globalErrorHandler Invalid sort value: { id: ace }',
  stack: 'TypeError: Invalid sort value: { id: ace }\n' +
    '    at push (C:\\Users\\SUNYS\\Desktop\\NodeExpressMongoose\\node_modules\\mquery\\lib\\mquery.js:1315:19)\n' +
    '    at model.Query.Query.sort (C:\\Users\\SUNYS\\Desktop\\NodeExpressMongoose\\node_modules\\mquery\\lib\\mquery.js:1272:7)\n' +
    '    at model.Query.Query.sort (C:\\Users\\SUNYS\\Desktop\\NodeExpressMongoose\\node_modules\\mongoose\\lib\\query.js:2941:26)\n' +
    '    at C:\\Users\\SUNYS\\Desktop\\NodeExpressMongoose\\src\\app\\modules\\users\\user.service.ts:37:6\n' +
    '    at Generator.next (<anonymous>)\n' +
    '    at C:\\Users\\SUNYS\\Desktop\\NodeExpressMongoose\\src\\app\\modules\\users\\user.service.ts:8:71\n' +
    '    at new Promise (<anonymous>)\n' +
    '    at __awaiter (C:\\Users\\SUNYS\\Desktop\\NodeExpressMongoose\\src\\app\\modules\\users\\user.service.ts:4:12)\n' +
    '    at Object.getAllUsers (C:\\Users\\SUNYS\\Desktop\\NodeExpressMongoose\\src\\app\\modules\\users\\user.service.ts:31:41)\n' +
    '    at C:\\Users\\SUNYS\\Desktop\\NodeExpressMongoose\\src\\app\\modules\\users\\user.controller.ts:27:38',
  label: 'NodeExpressMongoose',
  timestamp: '2023-07-01T04:43:39.119Z'
}
