{
  statusCode: 400,
  level: 'error',
  message: 'globalErrorHandler Invalid role and level',
  stack: 'Error: Invalid role and level\n' +
    '    at C:\\Users\\SUNYS\\Desktop\\NodeExpressMongoose\\src\\app\\modules\\users\\user.service.ts:17:11\n' +
    '    at Generator.next (<anonymous>)\n' +
    '    at fulfilled (C:\\Users\\SUNYS\\Desktop\\NodeExpressMongoose\\src\\app\\modules\\users\\user.service.ts:5:58)\n' +
    '    at processTicksAndRejections (node:internal/process/task_queues:95:5)',
  label: 'NodeExpressMongoose',
  timestamp: '2023-06-30T18:09:20.307Z'
}
{
  statusCode: 400,
  level: 'error',
  message: 'globalErrorHandler Invalid role and level',
  stack: 'Error: Invalid role and level\n' +
    '    at C:\\Users\\SUNYS\\Desktop\\NodeExpressMongoose\\src\\app\\modules\\users\\user.service.ts:17:11\n' +
    '    at Generator.next (<anonymous>)\n' +
    '    at fulfilled (C:\\Users\\SUNYS\\Desktop\\NodeExpressMongoose\\src\\app\\modules\\users\\user.service.ts:5:58)\n' +
    '    at processTicksAndRejections (node:internal/process/task_queues:95:5)',
  label: 'NodeExpressMongoose',
  timestamp: '2023-06-30T18:09:25.147Z'
}
{
  statusCode: 400,
  level: 'error',
  message: 'globalErrorHandler Invalid role and level',
  stack: 'Error: Invalid role and level\n' +
    '    at C:\\Users\\SUNYS\\Desktop\\NodeExpressMongoose\\src\\app\\modules\\users\\user.service.ts:17:11\n' +
    '    at Generator.next (<anonymous>)\n' +
    '    at fulfilled (C:\\Users\\SUNYS\\Desktop\\NodeExpressMongoose\\src\\app\\modules\\users\\user.service.ts:5:58)\n' +
    '    at processTicksAndRejections (node:internal/process/task_queues:95:5)',
  label: 'NodeExpressMongoose',
  timestamp: '2023-06-30T18:09:28.221Z'
}
{
  statusCode: 400,
  level: 'error',
  message: 'globalErrorHandler Invalid role and level',
  stack: 'Error: Invalid role and level\n' +
    '    at C:\\Users\\SUNYS\\Desktop\\NodeExpressMongoose\\src\\app\\modules\\users\\user.service.ts:17:11\n' +
    '    at Generator.next (<anonymous>)\n' +
    '    at fulfilled (C:\\Users\\SUNYS\\Desktop\\NodeExpressMongoose\\src\\app\\modules\\users\\user.service.ts:5:58)\n' +
    '    at processTicksAndRejections (node:internal/process/task_queues:95:5)',
  label: 'NodeExpressMongoose',
  timestamp: '2023-06-30T18:09:30.052Z'
}
{
  statusCode: 400,
  level: 'error',
  message: 'globalErrorHandler Invalid role and level',
  stack: 'Error: Invalid role and level\n' +
    '    at C:\\Users\\SUNYS\\Desktop\\NodeExpressMongoose\\src\\app\\modules\\users\\user.service.ts:17:11\n' +
    '    at Generator.next (<anonymous>)\n' +
    '    at fulfilled (C:\\Users\\SUNYS\\Desktop\\NodeExpressMongoose\\src\\app\\modules\\users\\user.service.ts:5:58)\n' +
    '    at processTicksAndRejections (node:internal/process/task_queues:95:5)',
  label: 'NodeExpressMongoose',
  timestamp: '2023-06-30T18:09:36.782Z'
}
{
  statusCode: 400,
  level: 'error',
  message: 'globalErrorHandler Invalid role and level',
  stack: 'Error: Invalid role and level\n' +
    '    at C:\\Users\\SUNYS\\Desktop\\NodeExpressMongoose\\src\\app\\modules\\users\\user.service.ts:17:11\n' +
    '    at Generator.next (<anonymous>)\n' +
    '    at fulfilled (C:\\Users\\SUNYS\\Desktop\\NodeExpressMongoose\\src\\app\\modules\\users\\user.service.ts:5:58)\n' +
    '    at processTicksAndRejections (node:internal/process/task_queues:95:5)',
  label: 'NodeExpressMongoose',
  timestamp: '2023-06-30T18:09:47.321Z'
}
{
  statusCode: 400,
  level: 'error',
  message: 'globalErrorHandler Invalid role and level',
  stack: 'Error: Invalid role and level\n' +
    '    at C:\\Users\\SUNYS\\Desktop\\NodeExpressMongoose\\src\\app\\modules\\users\\user.service.ts:17:11\n' +
    '    at Generator.next (<anonymous>)\n' +
    '    at fulfilled (C:\\Users\\SUNYS\\Desktop\\NodeExpressMongoose\\src\\app\\modules\\users\\user.service.ts:5:58)\n' +
    '    at processTicksAndRejections (node:internal/process/task_queues:95:5)',
  label: 'NodeExpressMongoose',
  timestamp: '2023-06-30T18:11:23.859Z'
}
{
  statusCode: 400,
  level: 'error',
  message: 'globalErrorHandler Invalid role and level',
  stack: 'Error: Invalid role and level\n' +
    '    at C:\\Users\\SUNYS\\Desktop\\NodeExpressMongoose\\src\\app\\modules\\users\\user.service.ts:17:11\n' +
    '    at Generator.next (<anonymous>)\n' +
    '    at fulfilled (C:\\Users\\SUNYS\\Desktop\\NodeExpressMongoose\\src\\app\\modules\\users\\user.service.ts:5:58)\n' +
    '    at processTicksAndRejections (node:internal/process/task_queues:95:5)',
  label: 'NodeExpressMongoose',
  timestamp: '2023-06-30T18:11:24.946Z'
}
{
  statusCode: 409,
  level: 'error',
  message: 'globalErrorHandler Email already exist',
  stack: 'Error: Email already exist\n' +
    '    at model.<anonymous> (C:\\Users\\SUNYS\\Desktop\\NodeExpressMongoose\\src\\app\\modules\\users\\user.model.ts:43:22)\n' +
    '    at Generator.next (<anonymous>)\n' +
    '    at fulfilled (C:\\Users\\SUNYS\\Desktop\\NodeExpressMongoose\\src\\app\\modules\\users\\user.model.ts:5:58)\n' +
    '    at processTicksAndRejections (node:internal/process/task_queues:95:5)',
  label: 'NodeExpressMongoose',
  timestamp: '2023-06-30T18:11:38.962Z'
}
{
  statusCode: 400,
  level: 'error',
  message: 'globalErrorHandler Role and level is not a match',
  stack: 'Error: Role and level is not a match\n' +
    '    at C:\\Users\\SUNYS\\Desktop\\NodeExpressMongoose\\src\\app\\modules\\users\\user.service.ts:17:11\n' +
    '    at Generator.next (<anonymous>)\n' +
    '    at fulfilled (C:\\Users\\SUNYS\\Desktop\\NodeExpressMongoose\\src\\app\\modules\\users\\user.service.ts:5:58)\n' +
    '    at processTicksAndRejections (node:internal/process/task_queues:95:5)',
  label: 'NodeExpressMongoose',
  timestamp: '2023-06-30T18:12:47.188Z'
}
{
  statusCode: 400,
  level: 'error',
  message: 'globalErrorHandler Role and level is not a match',
  stack: 'Error: Role and level is not a match\n' +
    '    at C:\\Users\\SUNYS\\Desktop\\NodeExpressMongoose\\src\\app\\modules\\users\\user.service.ts:18:11\n' +
    '    at Generator.next (<anonymous>)\n' +
    '    at fulfilled (C:\\Users\\SUNYS\\Desktop\\NodeExpressMongoose\\src\\app\\modules\\users\\user.service.ts:5:58)\n' +
    '    at processTicksAndRejections (node:internal/process/task_queues:95:5)',
  label: 'NodeExpressMongoose',
  timestamp: '2023-06-30T18:13:13.736Z'
}
{
  statusCode: 400,
  level: 'error',
  message: 'globalErrorHandler Role and level is not a match',
  stack: 'Error: Role and level is not a match\n' +
    '    at C:\\Users\\SUNYS\\Desktop\\NodeExpressMongoose\\src\\app\\modules\\users\\user.service.ts:18:11\n' +
    '    at Generator.next (<anonymous>)\n' +
    '    at fulfilled (C:\\Users\\SUNYS\\Desktop\\NodeExpressMongoose\\src\\app\\modules\\users\\user.service.ts:5:58)\n' +
    '    at processTicksAndRejections (node:internal/process/task_queues:95:5)',
  label: 'NodeExpressMongoose',
  timestamp: '2023-06-30T18:14:36.895Z'
}
{
  statusCode: 409,
  level: 'error',
  message: 'globalErrorHandler Email already exist',
  stack: 'Error: Email already exist\n' +
    '    at model.<anonymous> (C:\\Users\\SUNYS\\Desktop\\NodeExpressMongoose\\src\\app\\modules\\users\\user.model.ts:43:22)\n' +
    '    at Generator.next (<anonymous>)\n' +
    '    at fulfilled (C:\\Users\\SUNYS\\Desktop\\NodeExpressMongoose\\src\\app\\modules\\users\\user.model.ts:5:58)\n' +
    '    at processTicksAndRejections (node:internal/process/task_queues:95:5)',
  label: 'NodeExpressMongoose',
  timestamp: '2023-06-30T18:14:41.035Z'
}
{
  statusCode: 409,
  level: 'error',
  message: 'globalErrorHandler Email already exist',
  stack: 'Error: Email already exist\n' +
    '    at model.<anonymous> (C:\\Users\\SUNYS\\Desktop\\NodeExpressMongoose\\src\\app\\modules\\users\\user.model.ts:43:22)\n' +
    '    at Generator.next (<anonymous>)\n' +
    '    at fulfilled (C:\\Users\\SUNYS\\Desktop\\NodeExpressMongoose\\src\\app\\modules\\users\\user.model.ts:5:58)\n' +
    '    at processTicksAndRejections (node:internal/process/task_queues:95:5)',
  label: 'NodeExpressMongoose',
  timestamp: '2023-06-30T18:20:06.047Z'
}
{
  statusCode: 409,
  level: 'error',
  message: 'globalErrorHandler Email already exist',
  stack: 'Error: Email already exist\n' +
    '    at model.<anonymous> (C:\\Users\\SUNYS\\Desktop\\NodeExpressMongoose\\src\\app\\modules\\users\\user.model.ts:43:22)\n' +
    '    at Generator.next (<anonymous>)\n' +
    '    at fulfilled (C:\\Users\\SUNYS\\Desktop\\NodeExpressMongoose\\src\\app\\modules\\users\\user.model.ts:5:58)\n' +
    '    at processTicksAndRejections (node:internal/process/task_queues:95:5)',
  label: 'NodeExpressMongoose',
  timestamp: '2023-06-30T18:21:36.961Z'
}
