{
  expose: true,
  statusCode: 400,
  status: 400,
  body: '{\r\n    "":"",\r\n}',
  type: 'entity.parse.failed',
  level: 'error',
  message: 'globalErrorHandler Unexpected token } in JSON at position 15',
  stack: 'SyntaxError: Unexpected token } in JSON at position 15\n' +
    '    at JSON.parse (<anonymous>)\n' +
    '    at parse (C:\\Users\\SUNYS\\Desktop\\NodeExpressMongoose\\node_modules\\body-parser\\lib\\types\\json.js:89:19)\n' +
    '    at C:\\Users\\SUNYS\\Desktop\\NodeExpressMongoose\\node_modules\\body-parser\\lib\\read.js:128:18\n' +
    '    at AsyncResource.runInAsyncScope (node:async_hooks:204:9)\n' +
    '    at invokeCallback (C:\\Users\\SUNYS\\Desktop\\NodeExpressMongoose\\node_modules\\raw-body\\index.js:231:16)\n' +
    '    at done (C:\\Users\\SUNYS\\Desktop\\NodeExpressMongoose\\node_modules\\raw-body\\index.js:220:7)\n' +
    '    at IncomingMessage.onEnd (C:\\Users\\SUNYS\\Desktop\\NodeExpressMongoose\\node_modules\\raw-body\\index.js:280:7)\n' +
    '    at IncomingMessage.emit (node:events:513:28)\n' +
    '    at endReadableNT (node:internal/streams/readable:1359:12)\n' +
    '    at processTicksAndRejections (node:internal/process/task_queues:82:21)',
  label: 'NodeExpressMongoose',
  timestamp: '2023-07-03T08:26:32.514Z'
}
{
  issues: [
    {
      code: 'invalid_type',
      expected: 'string',
      received: 'undefined',
      path: [ 'body', 'email' ],
      message: 'Email is required'
    },
    {
      code: 'invalid_type',
      expected: 'string',
      received: 'undefined',
      path: [ 'body', 'password' ],
      message: 'Password is required'
    }
  ],
  addIssue: [Function (anonymous)],
  addIssues: [Function (anonymous)],
  name: 'ZodError',
  level: 'error',
  message: 'globalErrorHandler [\n' +
    '  {\n' +
    '    "code": "invalid_type",\n' +
    '    "expected": "string",\n' +
    '    "received": "undefined",\n' +
    '    "path": [\n' +
    '      "body",\n' +
    '      "email"\n' +
    '    ],\n' +
    '    "message": "Email is required"\n' +
    '  },\n' +
    '  {\n' +
    '    "code": "invalid_type",\n' +
    '    "expected": "string",\n' +
    '    "received": "undefined",\n' +
    '    "path": [\n' +
    '      "body",\n' +
    '      "password"\n' +
    '    ],\n' +
    '    "message": "Password is required"\n' +
    '  }\n' +
    ']',
  stack: 'ZodError: [\n' +
    '  {\n' +
    '    "code": "invalid_type",\n' +
    '    "expected": "string",\n' +
    '    "received": "undefined",\n' +
    '    "path": [\n' +
    '      "body",\n' +
    '      "email"\n' +
    '    ],\n' +
    '    "message": "Email is required"\n' +
    '  },\n' +
    '  {\n' +
    '    "code": "invalid_type",\n' +
    '    "expected": "string",\n' +
    '    "received": "undefined",\n' +
    '    "path": [\n' +
    '      "body",\n' +
    '      "password"\n' +
    '    ],\n' +
    '    "message": "Password is required"\n' +
    '  }\n' +
    ']\n' +
    '    at Object.get error [as error] (C:\\Users\\SUNYS\\Desktop\\NodeExpressMongoose\\node_modules\\zod\\lib\\types.js:43:31)\n' +
    '    at ZodObject.parseAsync (C:\\Users\\SUNYS\\Desktop\\NodeExpressMongoose\\node_modules\\zod\\lib\\types.js:164:22)\n' +
    '    at processTicksAndRejections (node:internal/process/task_queues:95:5)',
  label: 'NodeExpressMongoose',
  timestamp: '2023-07-03T08:26:39.215Z'
}
{
  issues: [
    {
      validation: 'email',
      code: 'invalid_string',
      message: 'Invalid email',
      path: [ 'body', 'email' ]
    }
  ],
  addIssue: [Function (anonymous)],
  addIssues: [Function (anonymous)],
  name: 'ZodError',
  level: 'error',
  message: 'globalErrorHandler [\n' +
    '  {\n' +
    '    "validation": "email",\n' +
    '    "code": "invalid_string",\n' +
    '    "message": "Invalid email",\n' +
    '    "path": [\n' +
    '      "body",\n' +
    '      "email"\n' +
    '    ]\n' +
    '  }\n' +
    ']',
  stack: 'ZodError: [\n' +
    '  {\n' +
    '    "validation": "email",\n' +
    '    "code": "invalid_string",\n' +
    '    "message": "Invalid email",\n' +
    '    "path": [\n' +
    '      "body",\n' +
    '      "email"\n' +
    '    ]\n' +
    '  }\n' +
    ']\n' +
    '    at Object.get error [as error] (C:\\Users\\SUNYS\\Desktop\\NodeExpressMongoose\\node_modules\\zod\\lib\\types.js:43:31)\n' +
    '    at ZodObject.parseAsync (C:\\Users\\SUNYS\\Desktop\\NodeExpressMongoose\\node_modules\\zod\\lib\\types.js:164:22)\n' +
    '    at processTicksAndRejections (node:internal/process/task_queues:95:5)',
  label: 'NodeExpressMongoose',
  timestamp: '2023-07-03T08:26:49.787Z'
}
{
  issues: [
    {
      validation: 'email',
      code: 'invalid_string',
      message: 'Invalid email',
      path: [ 'body', 'email' ]
    }
  ],
  addIssue: [Function (anonymous)],
  addIssues: [Function (anonymous)],
  name: 'ZodError',
  level: 'error',
  message: 'globalErrorHandler [\n' +
    '  {\n' +
    '    "validation": "email",\n' +
    '    "code": "invalid_string",\n' +
    '    "message": "Invalid email",\n' +
    '    "path": [\n' +
    '      "body",\n' +
    '      "email"\n' +
    '    ]\n' +
    '  }\n' +
    ']',
  stack: 'ZodError: [\n' +
    '  {\n' +
    '    "validation": "email",\n' +
    '    "code": "invalid_string",\n' +
    '    "message": "Invalid email",\n' +
    '    "path": [\n' +
    '      "body",\n' +
    '      "email"\n' +
    '    ]\n' +
    '  }\n' +
    ']\n' +
    '    at Object.get error [as error] (C:\\Users\\SUNYS\\Desktop\\NodeExpressMongoose\\node_modules\\zod\\lib\\types.js:43:31)\n' +
    '    at ZodObject.parseAsync (C:\\Users\\SUNYS\\Desktop\\NodeExpressMongoose\\node_modules\\zod\\lib\\types.js:164:22)\n' +
    '    at processTicksAndRejections (node:internal/process/task_queues:95:5)',
  label: 'NodeExpressMongoose',
  timestamp: '2023-07-03T08:38:10.991Z'
}
{
  statusCode: 409,
  level: 'error',
  message: 'globalErrorHandler Email already exist',
  stack: 'Error: Email already exist\n' +
    '    at model.<anonymous> (C:\\Users\\SUNYS\\Desktop\\NodeExpressMongoose\\src\\app\\modules\\users\\user.model.ts:86:22)\n' +
    '    at Generator.next (<anonymous>)\n' +
    '    at fulfilled (C:\\Users\\SUNYS\\Desktop\\NodeExpressMongoose\\src\\app\\modules\\users\\user.model.ts:5:58)\n' +
    '    at processTicksAndRejections (node:internal/process/task_queues:95:5)',
  label: 'NodeExpressMongoose',
  timestamp: '2023-07-03T08:40:55.622Z'
}
{
  issues: [
    {
      code: 'invalid_type',
      expected: 'string',
      received: 'undefined',
      path: [ 'email' ],
      message: 'Email is required'
    },
    {
      code: 'invalid_type',
      expected: 'string',
      received: 'undefined',
      path: [ 'password' ],
      message: 'Password is required'
    }
  ],
  addIssue: [Function (anonymous)],
  addIssues: [Function (anonymous)],
  name: 'ZodError',
  level: 'error',
  message: 'globalErrorHandler [\n' +
    '  {\n' +
    '    "code": "invalid_type",\n' +
    '    "expected": "string",\n' +
    '    "received": "undefined",\n' +
    '    "path": [\n' +
    '      "email"\n' +
    '    ],\n' +
    '    "message": "Email is required"\n' +
    '  },\n' +
    '  {\n' +
    '    "code": "invalid_type",\n' +
    '    "expected": "string",\n' +
    '    "received": "undefined",\n' +
    '    "path": [\n' +
    '      "password"\n' +
    '    ],\n' +
    '    "message": "Password is required"\n' +
    '  }\n' +
    ']',
  stack: 'ZodError: [\n' +
    '  {\n' +
    '    "code": "invalid_type",\n' +
    '    "expected": "string",\n' +
    '    "received": "undefined",\n' +
    '    "path": [\n' +
    '      "email"\n' +
    '    ],\n' +
    '    "message": "Email is required"\n' +
    '  },\n' +
    '  {\n' +
    '    "code": "invalid_type",\n' +
    '    "expected": "string",\n' +
    '    "received": "undefined",\n' +
    '    "path": [\n' +
    '      "password"\n' +
    '    ],\n' +
    '    "message": "Password is required"\n' +
    '  }\n' +
    ']\n' +
    '    at Object.get error [as error] (C:\\Users\\SUNYS\\Desktop\\NodeExpressMongoose\\node_modules\\zod\\lib\\types.js:43:31)\n' +
    '    at ZodObject.parseAsync (C:\\Users\\SUNYS\\Desktop\\NodeExpressMongoose\\node_modules\\zod\\lib\\types.js:164:22)\n' +
    '    at processTicksAndRejections (node:internal/process/task_queues:95:5)',
  label: 'NodeExpressMongoose',
  timestamp: '2023-07-03T08:43:00.907Z'
}
{
  issues: [
    {
      code: 'invalid_type',
      expected: 'string',
      received: 'undefined',
      path: [ 'email' ],
      message: 'Email is required'
    },
    {
      code: 'invalid_type',
      expected: 'string',
      received: 'undefined',
      path: [ 'password' ],
      message: 'Password is required'
    }
  ],
  addIssue: [Function (anonymous)],
  addIssues: [Function (anonymous)],
  name: 'ZodError',
  level: 'error',
  message: 'globalErrorHandler [\n' +
    '  {\n' +
    '    "code": "invalid_type",\n' +
    '    "expected": "string",\n' +
    '    "received": "undefined",\n' +
    '    "path": [\n' +
    '      "email"\n' +
    '    ],\n' +
    '    "message": "Email is required"\n' +
    '  },\n' +
    '  {\n' +
    '    "code": "invalid_type",\n' +
    '    "expected": "string",\n' +
    '    "received": "undefined",\n' +
    '    "path": [\n' +
    '      "password"\n' +
    '    ],\n' +
    '    "message": "Password is required"\n' +
    '  }\n' +
    ']',
  stack: 'ZodError: [\n' +
    '  {\n' +
    '    "code": "invalid_type",\n' +
    '    "expected": "string",\n' +
    '    "received": "undefined",\n' +
    '    "path": [\n' +
    '      "email"\n' +
    '    ],\n' +
    '    "message": "Email is required"\n' +
    '  },\n' +
    '  {\n' +
    '    "code": "invalid_type",\n' +
    '    "expected": "string",\n' +
    '    "received": "undefined",\n' +
    '    "path": [\n' +
    '      "password"\n' +
    '    ],\n' +
    '    "message": "Password is required"\n' +
    '  }\n' +
    ']\n' +
    '    at Object.get error [as error] (C:\\Users\\SUNYS\\Desktop\\NodeExpressMongoose\\node_modules\\zod\\lib\\types.js:43:31)\n' +
    '    at ZodObject.parseAsync (C:\\Users\\SUNYS\\Desktop\\NodeExpressMongoose\\node_modules\\zod\\lib\\types.js:164:22)\n' +
    '    at processTicksAndRejections (node:internal/process/task_queues:95:5)',
  label: 'NodeExpressMongoose',
  timestamp: '2023-07-03T08:43:13.877Z'
}
{
  issues: [
    {
      code: 'invalid_type',
      expected: 'string',
      received: 'undefined',
      path: [ 'email' ],
      message: 'Email is required'
    },
    {
      code: 'invalid_type',
      expected: 'string',
      received: 'undefined',
      path: [ 'password' ],
      message: 'Password is required'
    }
  ],
  addIssue: [Function (anonymous)],
  addIssues: [Function (anonymous)],
  name: 'ZodError',
  level: 'error',
  message: 'globalErrorHandler [\n' +
    '  {\n' +
    '    "code": "invalid_type",\n' +
    '    "expected": "string",\n' +
    '    "received": "undefined",\n' +
    '    "path": [\n' +
    '      "email"\n' +
    '    ],\n' +
    '    "message": "Email is required"\n' +
    '  },\n' +
    '  {\n' +
    '    "code": "invalid_type",\n' +
    '    "expected": "string",\n' +
    '    "received": "undefined",\n' +
    '    "path": [\n' +
    '      "password"\n' +
    '    ],\n' +
    '    "message": "Password is required"\n' +
    '  }\n' +
    ']',
  stack: 'ZodError: [\n' +
    '  {\n' +
    '    "code": "invalid_type",\n' +
    '    "expected": "string",\n' +
    '    "received": "undefined",\n' +
    '    "path": [\n' +
    '      "email"\n' +
    '    ],\n' +
    '    "message": "Email is required"\n' +
    '  },\n' +
    '  {\n' +
    '    "code": "invalid_type",\n' +
    '    "expected": "string",\n' +
    '    "received": "undefined",\n' +
    '    "path": [\n' +
    '      "password"\n' +
    '    ],\n' +
    '    "message": "Password is required"\n' +
    '  }\n' +
    ']\n' +
    '    at Object.get error [as error] (C:\\Users\\SUNYS\\Desktop\\NodeExpressMongoose\\node_modules\\zod\\lib\\types.js:43:31)\n' +
    '    at ZodObject.parseAsync (C:\\Users\\SUNYS\\Desktop\\NodeExpressMongoose\\node_modules\\zod\\lib\\types.js:164:22)\n' +
    '    at processTicksAndRejections (node:internal/process/task_queues:95:5)',
  label: 'NodeExpressMongoose',
  timestamp: '2023-07-03T08:43:16.242Z'
}
{
  issues: [
    {
      code: 'invalid_type',
      expected: 'string',
      received: 'undefined',
      path: [ 'email' ],
      message: 'Email is required'
    },
    {
      code: 'invalid_type',
      expected: 'string',
      received: 'undefined',
      path: [ 'password' ],
      message: 'Password is required'
    }
  ],
  addIssue: [Function (anonymous)],
  addIssues: [Function (anonymous)],
  name: 'ZodError',
  level: 'error',
  message: 'globalErrorHandler [\n' +
    '  {\n' +
    '    "code": "invalid_type",\n' +
    '    "expected": "string",\n' +
    '    "received": "undefined",\n' +
    '    "path": [\n' +
    '      "email"\n' +
    '    ],\n' +
    '    "message": "Email is required"\n' +
    '  },\n' +
    '  {\n' +
    '    "code": "invalid_type",\n' +
    '    "expected": "string",\n' +
    '    "received": "undefined",\n' +
    '    "path": [\n' +
    '      "password"\n' +
    '    ],\n' +
    '    "message": "Password is required"\n' +
    '  }\n' +
    ']',
  stack: 'ZodError: [\n' +
    '  {\n' +
    '    "code": "invalid_type",\n' +
    '    "expected": "string",\n' +
    '    "received": "undefined",\n' +
    '    "path": [\n' +
    '      "email"\n' +
    '    ],\n' +
    '    "message": "Email is required"\n' +
    '  },\n' +
    '  {\n' +
    '    "code": "invalid_type",\n' +
    '    "expected": "string",\n' +
    '    "received": "undefined",\n' +
    '    "path": [\n' +
    '      "password"\n' +
    '    ],\n' +
    '    "message": "Password is required"\n' +
    '  }\n' +
    ']\n' +
    '    at Object.get error [as error] (C:\\Users\\SUNYS\\Desktop\\NodeExpressMongoose\\node_modules\\zod\\lib\\types.js:43:31)\n' +
    '    at ZodObject.parseAsync (C:\\Users\\SUNYS\\Desktop\\NodeExpressMongoose\\node_modules\\zod\\lib\\types.js:164:22)\n' +
    '    at processTicksAndRejections (node:internal/process/task_queues:95:5)',
  label: 'NodeExpressMongoose',
  timestamp: '2023-07-03T08:43:25.060Z'
}
{
  issues: [
    {
      code: 'invalid_type',
      expected: 'string',
      received: 'undefined',
      path: [ 'email' ],
      message: 'Email is required'
    },
    {
      code: 'invalid_type',
      expected: 'string',
      received: 'undefined',
      path: [ 'password' ],
      message: 'Password is required'
    }
  ],
  addIssue: [Function (anonymous)],
  addIssues: [Function (anonymous)],
  name: 'ZodError',
  level: 'error',
  message: 'globalErrorHandler [\n' +
    '  {\n' +
    '    "code": "invalid_type",\n' +
    '    "expected": "string",\n' +
    '    "received": "undefined",\n' +
    '    "path": [\n' +
    '      "email"\n' +
    '    ],\n' +
    '    "message": "Email is required"\n' +
    '  },\n' +
    '  {\n' +
    '    "code": "invalid_type",\n' +
    '    "expected": "string",\n' +
    '    "received": "undefined",\n' +
    '    "path": [\n' +
    '      "password"\n' +
    '    ],\n' +
    '    "message": "Password is required"\n' +
    '  }\n' +
    ']',
  stack: 'ZodError: [\n' +
    '  {\n' +
    '    "code": "invalid_type",\n' +
    '    "expected": "string",\n' +
    '    "received": "undefined",\n' +
    '    "path": [\n' +
    '      "email"\n' +
    '    ],\n' +
    '    "message": "Email is required"\n' +
    '  },\n' +
    '  {\n' +
    '    "code": "invalid_type",\n' +
    '    "expected": "string",\n' +
    '    "received": "undefined",\n' +
    '    "path": [\n' +
    '      "password"\n' +
    '    ],\n' +
    '    "message": "Password is required"\n' +
    '  }\n' +
    ']\n' +
    '    at Object.get error [as error] (C:\\Users\\SUNYS\\Desktop\\NodeExpressMongoose\\node_modules\\zod\\lib\\types.js:43:31)\n' +
    '    at ZodObject.parseAsync (C:\\Users\\SUNYS\\Desktop\\NodeExpressMongoose\\node_modules\\zod\\lib\\types.js:164:22)\n' +
    '    at processTicksAndRejections (node:internal/process/task_queues:95:5)',
  label: 'NodeExpressMongoose',
  timestamp: '2023-07-03T08:43:29.241Z'
}
{
  issues: [
    {
      code: 'invalid_type',
      expected: 'string',
      received: 'undefined',
      path: [ 'email' ],
      message: 'Email is required'
    },
    {
      code: 'invalid_type',
      expected: 'string',
      received: 'undefined',
      path: [ 'password' ],
      message: 'Password is required'
    }
  ],
  addIssue: [Function (anonymous)],
  addIssues: [Function (anonymous)],
  name: 'ZodError',
  level: 'error',
  message: 'globalErrorHandler [\n' +
    '  {\n' +
    '    "code": "invalid_type",\n' +
    '    "expected": "string",\n' +
    '    "received": "undefined",\n' +
    '    "path": [\n' +
    '      "email"\n' +
    '    ],\n' +
    '    "message": "Email is required"\n' +
    '  },\n' +
    '  {\n' +
    '    "code": "invalid_type",\n' +
    '    "expected": "string",\n' +
    '    "received": "undefined",\n' +
    '    "path": [\n' +
    '      "password"\n' +
    '    ],\n' +
    '    "message": "Password is required"\n' +
    '  }\n' +
    ']',
  stack: 'ZodError: [\n' +
    '  {\n' +
    '    "code": "invalid_type",\n' +
    '    "expected": "string",\n' +
    '    "received": "undefined",\n' +
    '    "path": [\n' +
    '      "email"\n' +
    '    ],\n' +
    '    "message": "Email is required"\n' +
    '  },\n' +
    '  {\n' +
    '    "code": "invalid_type",\n' +
    '    "expected": "string",\n' +
    '    "received": "undefined",\n' +
    '    "path": [\n' +
    '      "password"\n' +
    '    ],\n' +
    '    "message": "Password is required"\n' +
    '  }\n' +
    ']\n' +
    '    at Object.get error [as error] (C:\\Users\\SUNYS\\Desktop\\NodeExpressMongoose\\node_modules\\zod\\lib\\types.js:43:31)\n' +
    '    at ZodObject.parseAsync (C:\\Users\\SUNYS\\Desktop\\NodeExpressMongoose\\node_modules\\zod\\lib\\types.js:164:22)\n' +
    '    at processTicksAndRejections (node:internal/process/task_queues:95:5)',
  label: 'NodeExpressMongoose',
  timestamp: '2023-07-03T08:43:44.895Z'
}
{
  statusCode: 401,
  level: 'error',
  message: 'globalErrorHandler Password is incorrect',
  stack: 'Error: Password is incorrect\n' +
    '    at C:\\Users\\SUNYS\\Desktop\\NodeExpressMongoose\\src\\app\\modules\\auth\\auth.service.ts:20:11\n' +
    '    at Generator.next (<anonymous>)\n' +
    '    at fulfilled (C:\\Users\\SUNYS\\Desktop\\NodeExpressMongoose\\src\\app\\modules\\auth\\auth.service.ts:5:58)',
  label: 'NodeExpressMongoose',
  timestamp: '2023-07-03T08:47:08.513Z'
}
{
  statusCode: 401,
  level: 'error',
  message: 'globalErrorHandler Password is incorrect',
  stack: 'Error: Password is incorrect\n' +
    '    at C:\\Users\\SUNYS\\Desktop\\NodeExpressMongoose\\src\\app\\modules\\auth\\auth.service.ts:20:11\n' +
    '    at Generator.next (<anonymous>)\n' +
    '    at fulfilled (C:\\Users\\SUNYS\\Desktop\\NodeExpressMongoose\\src\\app\\modules\\auth\\auth.service.ts:5:58)',
  label: 'NodeExpressMongoose',
  timestamp: '2023-07-03T08:47:27.303Z'
}
{
  statusCode: 401,
  level: 'error',
  message: 'globalErrorHandler Password is incorrect',
  stack: 'Error: Password is incorrect\n' +
    '    at C:\\Users\\SUNYS\\Desktop\\NodeExpressMongoose\\src\\app\\modules\\auth\\auth.service.ts:20:11\n' +
    '    at Generator.next (<anonymous>)\n' +
    '    at fulfilled (C:\\Users\\SUNYS\\Desktop\\NodeExpressMongoose\\src\\app\\modules\\auth\\auth.service.ts:5:58)',
  label: 'NodeExpressMongoose',
  timestamp: '2023-07-03T08:48:05.698Z'
}
