{
  statusCode: 401,
  level: 'error',
  message: 'globalErrorHandler Unauthorized',
  stack: 'Error: Unauthorized\n' +
    '    at C:\\Users\\SUNYS\\Desktop\\NodeExpressMongoose\\src\\app\\middlewares\\auth.ts:14:15\n' +
    '    at Generator.next (<anonymous>)\n' +
    '    at C:\\Users\\SUNYS\\Desktop\\NodeExpressMongoose\\src\\app\\middlewares\\auth.ts:8:71\n' +
    '    at new Promise (<anonymous>)\n' +
    '    at __awaiter (C:\\Users\\SUNYS\\Desktop\\NodeExpressMongoose\\src\\app\\middlewares\\auth.ts:4:12)\n' +
    '    at C:\\Users\\SUNYS\\Desktop\\NodeExpressMongoose\\src\\app\\middlewares\\auth.ts:10:61\n' +
    '    at Layer.handle [as handle_request] (C:\\Users\\SUNYS\\Desktop\\NodeExpressMongoose\\node_modules\\express\\lib\\router\\layer.js:95:5)\n' +
    '    at next (C:\\Users\\SUNYS\\Desktop\\NodeExpressMongoose\\node_modules\\express\\lib\\router\\route.js:144:13)\n' +
    '    at Route.dispatch (C:\\Users\\SUNYS\\Desktop\\NodeExpressMongoose\\node_modules\\express\\lib\\router\\route.js:114:3)\n' +
    '    at Layer.handle [as handle_request] (C:\\Users\\SUNYS\\Desktop\\NodeExpressMongoose\\node_modules\\express\\lib\\router\\layer.js:95:5)',
  label: 'NodeExpressMongoose',
  timestamp: '2023-07-03T15:32:56.449Z'
}
{
  statusCode: 401,
  level: 'error',
  message: 'globalErrorHandler Unauthorized',
  stack: 'Error: Unauthorized\n' +
    '    at C:\\Users\\SUNYS\\Desktop\\NodeExpressMongoose\\src\\app\\middlewares\\auth.ts:13:15\n' +
    '    at Generator.next (<anonymous>)\n' +
    '    at C:\\Users\\SUNYS\\Desktop\\NodeExpressMongoose\\src\\app\\middlewares\\auth.ts:8:71\n' +
    '    at new Promise (<anonymous>)\n' +
    '    at __awaiter (C:\\Users\\SUNYS\\Desktop\\NodeExpressMongoose\\src\\app\\middlewares\\auth.ts:4:12)\n' +
    '    at C:\\Users\\SUNYS\\Desktop\\NodeExpressMongoose\\src\\app\\middlewares\\auth.ts:9:61\n' +
    '    at Layer.handle [as handle_request] (C:\\Users\\SUNYS\\Desktop\\NodeExpressMongoose\\node_modules\\express\\lib\\router\\layer.js:95:5)\n' +
    '    at next (C:\\Users\\SUNYS\\Desktop\\NodeExpressMongoose\\node_modules\\express\\lib\\router\\route.js:144:13)\n' +
    '    at Route.dispatch (C:\\Users\\SUNYS\\Desktop\\NodeExpressMongoose\\node_modules\\express\\lib\\router\\route.js:114:3)\n' +
    '    at Layer.handle [as handle_request] (C:\\Users\\SUNYS\\Desktop\\NodeExpressMongoose\\node_modules\\express\\lib\\router\\layer.js:95:5)',
  label: 'NodeExpressMongoose',
  timestamp: '2023-07-03T15:44:48.481Z'
}
