{
  statusCode: 404,
  level: 'error',
  message: 'globalErrorHandler User not found',
  stack: 'Error: User not found\n' +
    '    at C:\\Users\\SUNYS\\Desktop\\NodeExpressMongoose - template - Copy\\src\\app\\modules\\auth\\auth.service.ts:21:11\n' +
    '    at Generator.next (<anonymous>)\n' +
    '    at fulfilled (C:\\Users\\SUNYS\\Desktop\\NodeExpressMongoose - template - Copy\\src\\app\\modules\\auth\\auth.service.ts:5:58)\n' +
    '    at processTicksAndRejections (node:internal/process/task_queues:95:5)',
  label: 'NodeExpressMongoose',
  timestamp: '2023-07-17T07:18:32.715Z'
}
{
  statusCode: 409,
  level: 'error',
  message: 'globalErrorHandler Email already exist',
  stack: 'Error: Email already exist\n' +
    '    at model.<anonymous> (C:\\Users\\SUNYS\\Desktop\\NodeExpressMongoose - template - Copy\\src\\app\\modules\\users\\user.model.ts:55:22)\n' +
    '    at Generator.next (<anonymous>)\n' +
    '    at fulfilled (C:\\Users\\SUNYS\\Desktop\\NodeExpressMongoose - template - Copy\\src\\app\\modules\\users\\user.model.ts:5:58)\n' +
    '    at processTicksAndRejections (node:internal/process/task_queues:95:5)',
  label: 'NodeExpressMongoose',
  timestamp: '2023-07-17T07:39:00.348Z'
}
{
  statusCode: 409,
  level: 'error',
  message: 'globalErrorHandler Email already exist',
  stack: 'Error: Email already exist\n' +
    '    at model.<anonymous> (C:\\Users\\SUNYS\\Desktop\\NodeExpressMongoose - template - Copy\\src\\app\\modules\\users\\user.model.ts:55:22)\n' +
    '    at Generator.next (<anonymous>)\n' +
    '    at fulfilled (C:\\Users\\SUNYS\\Desktop\\NodeExpressMongoose - template - Copy\\src\\app\\modules\\users\\user.model.ts:5:58)\n' +
    '    at processTicksAndRejections (node:internal/process/task_queues:95:5)',
  label: 'NodeExpressMongoose',
  timestamp: '2023-07-17T07:39:01.993Z'
}
{
  statusCode: 409,
  level: 'error',
  message: 'globalErrorHandler Email already exist',
  stack: 'Error: Email already exist\n' +
    '    at model.<anonymous> (C:\\Users\\SUNYS\\Desktop\\NodeExpressMongoose - template - Copy\\src\\app\\modules\\users\\user.model.ts:55:22)\n' +
    '    at Generator.next (<anonymous>)\n' +
    '    at fulfilled (C:\\Users\\SUNYS\\Desktop\\NodeExpressMongoose - template - Copy\\src\\app\\modules\\users\\user.model.ts:5:58)\n' +
    '    at processTicksAndRejections (node:internal/process/task_queues:95:5)',
  label: 'NodeExpressMongoose',
  timestamp: '2023-07-17T07:39:03.848Z'
}
