{
  stringValue: '"undefined"',
  messageFormat: undefined,
  kind: 'ObjectId',
  value: 'undefined',
  path: '_id',
  reason: BSONError: Argument passed in must be a string of 12 bytes or a string of 24 hex characters or an integer
      at new ObjectId (C:\Users\SUNYS\Desktop\NodeExpressMongoose - template - Copy\node_modules\bson\src\objectid.ts:88:15)
      at castObjectId (C:\Users\SUNYS\Desktop\NodeExpressMongoose - template - Copy\node_modules\mongoose\lib\cast\objectid.js:25:12)
      at ObjectId.cast (C:\Users\SUNYS\Desktop\NodeExpressMongoose - template - Copy\node_modules\mongoose\lib\schema\objectid.js:246:12)
      at ObjectId.SchemaType.applySetters (C:\Users\SUNYS\Desktop\NodeExpressMongoose - template - Copy\node_modules\mongoose\lib\schematype.js:1204:12)
      at ObjectId.SchemaType.castForQuery (C:\Users\SUNYS\Desktop\NodeExpressMongoose - template - Copy\node_modules\mongoose\lib\schematype.js:1616:15)
      at cast (C:\Users\SUNYS\Desktop\NodeExpressMongoose - template - Copy\node_modules\mongoose\lib\cast.js:356:32)
      at model.Query.Query.cast (C:\Users\SUNYS\Desktop\NodeExpressMongoose - template - Copy\node_modules\mongoose\lib\query.js:4866:12)
      at model.Query.Query._castConditions (C:\Users\SUNYS\Desktop\NodeExpressMongoose - template - Copy\node_modules\mongoose\lib\query.js:2210:10)
      at model.Query._findOne (C:\Users\SUNYS\Desktop\NodeExpressMongoose - template - Copy\node_modules\mongoose\lib\query.js:2497:8)
      at model.Query.exec (C:\Users\SUNYS\Desktop\NodeExpressMongoose - template - Copy\node_modules\mongoose\lib\query.js:4396:28),
  valueType: 'string',
  model: Model { User },
  level: 'error',
  message: 'globalErrorHandler Cast to ObjectId failed for value "undefined" (type string) at path "_id" for model "User"',
  stack: 'CastError: Cast to ObjectId failed for value "undefined" (type string) at path "_id" for model "User"\n' +
    '    at ObjectId.cast (C:\\Users\\SUNYS\\Desktop\\NodeExpressMongoose - template - Copy\\node_modules\\mongoose\\lib\\schema\\objectid.js:248:11)\n' +
    '    at ObjectId.SchemaType.applySetters (C:\\Users\\SUNYS\\Desktop\\NodeExpressMongoose - template - Copy\\node_modules\\mongoose\\lib\\schematype.js:1204:12)\n' +
    '    at ObjectId.SchemaType.castForQuery (C:\\Users\\SUNYS\\Desktop\\NodeExpressMongoose - template - Copy\\node_modules\\mongoose\\lib\\schematype.js:1616:15)\n' +
    '    at cast (C:\\Users\\SUNYS\\Desktop\\NodeExpressMongoose - template - Copy\\node_modules\\mongoose\\lib\\cast.js:356:32)\n' +
    '    at model.Query.Query.cast (C:\\Users\\SUNYS\\Desktop\\NodeExpressMongoose - template - Copy\\node_modules\\mongoose\\lib\\query.js:4866:12)\n' +
    '    at model.Query.Query._castConditions (C:\\Users\\SUNYS\\Desktop\\NodeExpressMongoose - template - Copy\\node_modules\\mongoose\\lib\\query.js:2210:10)\n' +
    '    at model.Query._findOne (C:\\Users\\SUNYS\\Desktop\\NodeExpressMongoose - template - Copy\\node_modules\\mongoose\\lib\\query.js:2497:8)\n' +
    '    at model.Query.exec (C:\\Users\\SUNYS\\Desktop\\NodeExpressMongoose - template - Copy\\node_modules\\mongoose\\lib\\query.js:4396:28)\n' +
    '    at processTicksAndRejections (node:internal/process/task_queues:95:5)',
  label: 'NodeExpressMongoose',
  timestamp: '2023-07-17T08:00:34.700Z'
}
{
  stringValue: '"undefined"',
  messageFormat: undefined,
  kind: 'ObjectId',
  value: 'undefined',
  path: '_id',
  reason: BSONError: Argument passed in must be a string of 12 bytes or a string of 24 hex characters or an integer
      at new ObjectId (C:\Users\SUNYS\Desktop\NodeExpressMongoose - template - Copy\node_modules\bson\src\objectid.ts:88:15)
      at castObjectId (C:\Users\SUNYS\Desktop\NodeExpressMongoose - template - Copy\node_modules\mongoose\lib\cast\objectid.js:25:12)
      at ObjectId.cast (C:\Users\SUNYS\Desktop\NodeExpressMongoose - template - Copy\node_modules\mongoose\lib\schema\objectid.js:246:12)
      at ObjectId.SchemaType.applySetters (C:\Users\SUNYS\Desktop\NodeExpressMongoose - template - Copy\node_modules\mongoose\lib\schematype.js:1204:12)
      at ObjectId.SchemaType.castForQuery (C:\Users\SUNYS\Desktop\NodeExpressMongoose - template - Copy\node_modules\mongoose\lib\schematype.js:1616:15)
      at cast (C:\Users\SUNYS\Desktop\NodeExpressMongoose - template - Copy\node_modules\mongoose\lib\cast.js:356:32)
      at model.Query.Query.cast (C:\Users\SUNYS\Desktop\NodeExpressMongoose - template - Copy\node_modules\mongoose\lib\query.js:4866:12)
      at model.Query.Query._castConditions (C:\Users\SUNYS\Desktop\NodeExpressMongoose - template - Copy\node_modules\mongoose\lib\query.js:2210:10)
      at model.Query._findOne (C:\Users\SUNYS\Desktop\NodeExpressMongoose - template - Copy\node_modules\mongoose\lib\query.js:2497:8)
      at model.Query.exec (C:\Users\SUNYS\Desktop\NodeExpressMongoose - template - Copy\node_modules\mongoose\lib\query.js:4396:28),
  valueType: 'string',
  model: Model { User },
  level: 'error',
  message: 'globalErrorHandler Cast to ObjectId failed for value "undefined" (type string) at path "_id" for model "User"',
  stack: 'CastError: Cast to ObjectId failed for value "undefined" (type string) at path "_id" for model "User"\n' +
    '    at ObjectId.cast (C:\\Users\\SUNYS\\Desktop\\NodeExpressMongoose - template - Copy\\node_modules\\mongoose\\lib\\schema\\objectid.js:248:11)\n' +
    '    at ObjectId.SchemaType.applySetters (C:\\Users\\SUNYS\\Desktop\\NodeExpressMongoose - template - Copy\\node_modules\\mongoose\\lib\\schematype.js:1204:12)\n' +
    '    at ObjectId.SchemaType.castForQuery (C:\\Users\\SUNYS\\Desktop\\NodeExpressMongoose - template - Copy\\node_modules\\mongoose\\lib\\schematype.js:1616:15)\n' +
    '    at cast (C:\\Users\\SUNYS\\Desktop\\NodeExpressMongoose - template - Copy\\node_modules\\mongoose\\lib\\cast.js:356:32)\n' +
    '    at model.Query.Query.cast (C:\\Users\\SUNYS\\Desktop\\NodeExpressMongoose - template - Copy\\node_modules\\mongoose\\lib\\query.js:4866:12)\n' +
    '    at model.Query.Query._castConditions (C:\\Users\\SUNYS\\Desktop\\NodeExpressMongoose - template - Copy\\node_modules\\mongoose\\lib\\query.js:2210:10)\n' +
    '    at model.Query._findOne (C:\\Users\\SUNYS\\Desktop\\NodeExpressMongoose - template - Copy\\node_modules\\mongoose\\lib\\query.js:2497:8)\n' +
    '    at model.Query.exec (C:\\Users\\SUNYS\\Desktop\\NodeExpressMongoose - template - Copy\\node_modules\\mongoose\\lib\\query.js:4396:28)\n' +
    '    at processTicksAndRejections (node:internal/process/task_queues:95:5)',
  label: 'NodeExpressMongoose',
  timestamp: '2023-07-17T08:01:07.328Z'
}
{
  stringValue: '"undefined"',
  messageFormat: undefined,
  kind: 'ObjectId',
  value: 'undefined',
  path: '_id',
  reason: BSONError: Argument passed in must be a string of 12 bytes or a string of 24 hex characters or an integer
      at new ObjectId (C:\Users\SUNYS\Desktop\NodeExpressMongoose - template - Copy\node_modules\bson\src\objectid.ts:88:15)
      at castObjectId (C:\Users\SUNYS\Desktop\NodeExpressMongoose - template - Copy\node_modules\mongoose\lib\cast\objectid.js:25:12)
      at ObjectId.cast (C:\Users\SUNYS\Desktop\NodeExpressMongoose - template - Copy\node_modules\mongoose\lib\schema\objectid.js:246:12)
      at ObjectId.SchemaType.applySetters (C:\Users\SUNYS\Desktop\NodeExpressMongoose - template - Copy\node_modules\mongoose\lib\schematype.js:1204:12)
      at ObjectId.SchemaType.castForQuery (C:\Users\SUNYS\Desktop\NodeExpressMongoose - template - Copy\node_modules\mongoose\lib\schematype.js:1616:15)
      at cast (C:\Users\SUNYS\Desktop\NodeExpressMongoose - template - Copy\node_modules\mongoose\lib\cast.js:356:32)
      at model.Query.Query.cast (C:\Users\SUNYS\Desktop\NodeExpressMongoose - template - Copy\node_modules\mongoose\lib\query.js:4866:12)
      at model.Query.Query._castConditions (C:\Users\SUNYS\Desktop\NodeExpressMongoose - template - Copy\node_modules\mongoose\lib\query.js:2210:10)
      at model.Query._findOne (C:\Users\SUNYS\Desktop\NodeExpressMongoose - template - Copy\node_modules\mongoose\lib\query.js:2497:8)
      at model.Query.exec (C:\Users\SUNYS\Desktop\NodeExpressMongoose - template - Copy\node_modules\mongoose\lib\query.js:4396:28),
  valueType: 'string',
  model: Model { User },
  level: 'error',
  message: 'globalErrorHandler Cast to ObjectId failed for value "undefined" (type string) at path "_id" for model "User"',
  stack: 'CastError: Cast to ObjectId failed for value "undefined" (type string) at path "_id" for model "User"\n' +
    '    at ObjectId.cast (C:\\Users\\SUNYS\\Desktop\\NodeExpressMongoose - template - Copy\\node_modules\\mongoose\\lib\\schema\\objectid.js:248:11)\n' +
    '    at ObjectId.SchemaType.applySetters (C:\\Users\\SUNYS\\Desktop\\NodeExpressMongoose - template - Copy\\node_modules\\mongoose\\lib\\schematype.js:1204:12)\n' +
    '    at ObjectId.SchemaType.castForQuery (C:\\Users\\SUNYS\\Desktop\\NodeExpressMongoose - template - Copy\\node_modules\\mongoose\\lib\\schematype.js:1616:15)\n' +
    '    at cast (C:\\Users\\SUNYS\\Desktop\\NodeExpressMongoose - template - Copy\\node_modules\\mongoose\\lib\\cast.js:356:32)\n' +
    '    at model.Query.Query.cast (C:\\Users\\SUNYS\\Desktop\\NodeExpressMongoose - template - Copy\\node_modules\\mongoose\\lib\\query.js:4866:12)\n' +
    '    at model.Query.Query._castConditions (C:\\Users\\SUNYS\\Desktop\\NodeExpressMongoose - template - Copy\\node_modules\\mongoose\\lib\\query.js:2210:10)\n' +
    '    at model.Query._findOne (C:\\Users\\SUNYS\\Desktop\\NodeExpressMongoose - template - Copy\\node_modules\\mongoose\\lib\\query.js:2497:8)\n' +
    '    at model.Query.exec (C:\\Users\\SUNYS\\Desktop\\NodeExpressMongoose - template - Copy\\node_modules\\mongoose\\lib\\query.js:4396:28)\n' +
    '    at processTicksAndRejections (node:internal/process/task_queues:95:5)',
  label: 'NodeExpressMongoose',
  timestamp: '2023-07-17T08:01:21.299Z'
}
{
  stringValue: '"undefined"',
  messageFormat: undefined,
  kind: 'ObjectId',
  value: 'undefined',
  path: '_id',
  reason: BSONError: Argument passed in must be a string of 12 bytes or a string of 24 hex characters or an integer
      at new ObjectId (C:\Users\SUNYS\Desktop\NodeExpressMongoose - template - Copy\node_modules\bson\src\objectid.ts:88:15)
      at castObjectId (C:\Users\SUNYS\Desktop\NodeExpressMongoose - template - Copy\node_modules\mongoose\lib\cast\objectid.js:25:12)
      at ObjectId.cast (C:\Users\SUNYS\Desktop\NodeExpressMongoose - template - Copy\node_modules\mongoose\lib\schema\objectid.js:246:12)
      at ObjectId.SchemaType.applySetters (C:\Users\SUNYS\Desktop\NodeExpressMongoose - template - Copy\node_modules\mongoose\lib\schematype.js:1204:12)
      at ObjectId.SchemaType.castForQuery (C:\Users\SUNYS\Desktop\NodeExpressMongoose - template - Copy\node_modules\mongoose\lib\schematype.js:1616:15)
      at cast (C:\Users\SUNYS\Desktop\NodeExpressMongoose - template - Copy\node_modules\mongoose\lib\cast.js:356:32)
      at model.Query.Query.cast (C:\Users\SUNYS\Desktop\NodeExpressMongoose - template - Copy\node_modules\mongoose\lib\query.js:4866:12)
      at model.Query.Query._castConditions (C:\Users\SUNYS\Desktop\NodeExpressMongoose - template - Copy\node_modules\mongoose\lib\query.js:2210:10)
      at model.Query._findOne (C:\Users\SUNYS\Desktop\NodeExpressMongoose - template - Copy\node_modules\mongoose\lib\query.js:2497:8)
      at model.Query.exec (C:\Users\SUNYS\Desktop\NodeExpressMongoose - template - Copy\node_modules\mongoose\lib\query.js:4396:28),
  valueType: 'string',
  model: Model { User },
  level: 'error',
  message: 'globalErrorHandler Cast to ObjectId failed for value "undefined" (type string) at path "_id" for model "User"',
  stack: 'CastError: Cast to ObjectId failed for value "undefined" (type string) at path "_id" for model "User"\n' +
    '    at ObjectId.cast (C:\\Users\\SUNYS\\Desktop\\NodeExpressMongoose - template - Copy\\node_modules\\mongoose\\lib\\schema\\objectid.js:248:11)\n' +
    '    at ObjectId.SchemaType.applySetters (C:\\Users\\SUNYS\\Desktop\\NodeExpressMongoose - template - Copy\\node_modules\\mongoose\\lib\\schematype.js:1204:12)\n' +
    '    at ObjectId.SchemaType.castForQuery (C:\\Users\\SUNYS\\Desktop\\NodeExpressMongoose - template - Copy\\node_modules\\mongoose\\lib\\schematype.js:1616:15)\n' +
    '    at cast (C:\\Users\\SUNYS\\Desktop\\NodeExpressMongoose - template - Copy\\node_modules\\mongoose\\lib\\cast.js:356:32)\n' +
    '    at model.Query.Query.cast (C:\\Users\\SUNYS\\Desktop\\NodeExpressMongoose - template - Copy\\node_modules\\mongoose\\lib\\query.js:4866:12)\n' +
    '    at model.Query.Query._castConditions (C:\\Users\\SUNYS\\Desktop\\NodeExpressMongoose - template - Copy\\node_modules\\mongoose\\lib\\query.js:2210:10)\n' +
    '    at model.Query._findOne (C:\\Users\\SUNYS\\Desktop\\NodeExpressMongoose - template - Copy\\node_modules\\mongoose\\lib\\query.js:2497:8)\n' +
    '    at model.Query.exec (C:\\Users\\SUNYS\\Desktop\\NodeExpressMongoose - template - Copy\\node_modules\\mongoose\\lib\\query.js:4396:28)\n' +
    '    at processTicksAndRejections (node:internal/process/task_queues:95:5)',
  label: 'NodeExpressMongoose',
  timestamp: '2023-07-17T08:01:36.357Z'
}
{
  stringValue: '"undefined"',
  messageFormat: undefined,
  kind: 'ObjectId',
  value: 'undefined',
  path: '_id',
  reason: BSONError: Argument passed in must be a string of 12 bytes or a string of 24 hex characters or an integer
      at new ObjectId (C:\Users\SUNYS\Desktop\NodeExpressMongoose - template - Copy\node_modules\bson\src\objectid.ts:88:15)
      at castObjectId (C:\Users\SUNYS\Desktop\NodeExpressMongoose - template - Copy\node_modules\mongoose\lib\cast\objectid.js:25:12)
      at ObjectId.cast (C:\Users\SUNYS\Desktop\NodeExpressMongoose - template - Copy\node_modules\mongoose\lib\schema\objectid.js:246:12)
      at ObjectId.SchemaType.applySetters (C:\Users\SUNYS\Desktop\NodeExpressMongoose - template - Copy\node_modules\mongoose\lib\schematype.js:1204:12)
      at ObjectId.SchemaType.castForQuery (C:\Users\SUNYS\Desktop\NodeExpressMongoose - template - Copy\node_modules\mongoose\lib\schematype.js:1616:15)
      at cast (C:\Users\SUNYS\Desktop\NodeExpressMongoose - template - Copy\node_modules\mongoose\lib\cast.js:356:32)
      at model.Query.Query.cast (C:\Users\SUNYS\Desktop\NodeExpressMongoose - template - Copy\node_modules\mongoose\lib\query.js:4866:12)
      at model.Query.Query._castConditions (C:\Users\SUNYS\Desktop\NodeExpressMongoose - template - Copy\node_modules\mongoose\lib\query.js:2210:10)
      at model.Query._findOne (C:\Users\SUNYS\Desktop\NodeExpressMongoose - template - Copy\node_modules\mongoose\lib\query.js:2497:8)
      at model.Query.exec (C:\Users\SUNYS\Desktop\NodeExpressMongoose - template - Copy\node_modules\mongoose\lib\query.js:4396:28),
  valueType: 'string',
  model: Model { User },
  level: 'error',
  message: 'globalErrorHandler Cast to ObjectId failed for value "undefined" (type string) at path "_id" for model "User"',
  stack: 'CastError: Cast to ObjectId failed for value "undefined" (type string) at path "_id" for model "User"\n' +
    '    at ObjectId.cast (C:\\Users\\SUNYS\\Desktop\\NodeExpressMongoose - template - Copy\\node_modules\\mongoose\\lib\\schema\\objectid.js:248:11)\n' +
    '    at ObjectId.SchemaType.applySetters (C:\\Users\\SUNYS\\Desktop\\NodeExpressMongoose - template - Copy\\node_modules\\mongoose\\lib\\schematype.js:1204:12)\n' +
    '    at ObjectId.SchemaType.castForQuery (C:\\Users\\SUNYS\\Desktop\\NodeExpressMongoose - template - Copy\\node_modules\\mongoose\\lib\\schematype.js:1616:15)\n' +
    '    at cast (C:\\Users\\SUNYS\\Desktop\\NodeExpressMongoose - template - Copy\\node_modules\\mongoose\\lib\\cast.js:356:32)\n' +
    '    at model.Query.Query.cast (C:\\Users\\SUNYS\\Desktop\\NodeExpressMongoose - template - Copy\\node_modules\\mongoose\\lib\\query.js:4866:12)\n' +
    '    at model.Query.Query._castConditions (C:\\Users\\SUNYS\\Desktop\\NodeExpressMongoose - template - Copy\\node_modules\\mongoose\\lib\\query.js:2210:10)\n' +
    '    at model.Query._findOne (C:\\Users\\SUNYS\\Desktop\\NodeExpressMongoose - template - Copy\\node_modules\\mongoose\\lib\\query.js:2497:8)\n' +
    '    at model.Query.exec (C:\\Users\\SUNYS\\Desktop\\NodeExpressMongoose - template - Copy\\node_modules\\mongoose\\lib\\query.js:4396:28)\n' +
    '    at processTicksAndRejections (node:internal/process/task_queues:95:5)',
  label: 'NodeExpressMongoose',
  timestamp: '2023-07-17T08:01:45.038Z'
}
{
  statusCode: 404,
  level: 'error',
  message: 'globalErrorHandler User not found',
  stack: 'Error: User not found\n' +
    '    at C:\\Users\\SUNYS\\Desktop\\NodeExpressMongoose - template - Copy\\src\\app\\modules\\auth\\auth.service.ts:22:11\n' +
    '    at Generator.next (<anonymous>)\n' +
    '    at fulfilled (C:\\Users\\SUNYS\\Desktop\\NodeExpressMongoose - template - Copy\\src\\app\\modules\\auth\\auth.service.ts:5:58)\n' +
    '    at processTicksAndRejections (node:internal/process/task_queues:95:5)',
  label: 'NodeExpressMongoose',
  timestamp: '2023-07-17T08:01:54.059Z'
}
{
  stringValue: '"undefined"',
  messageFormat: undefined,
  kind: 'ObjectId',
  value: 'undefined',
  path: '_id',
  reason: BSONError: Argument passed in must be a string of 12 bytes or a string of 24 hex characters or an integer
      at new ObjectId (C:\Users\SUNYS\Desktop\NodeExpressMongoose - template - Copy\node_modules\bson\src\objectid.ts:88:15)
      at castObjectId (C:\Users\SUNYS\Desktop\NodeExpressMongoose - template - Copy\node_modules\mongoose\lib\cast\objectid.js:25:12)
      at ObjectId.cast (C:\Users\SUNYS\Desktop\NodeExpressMongoose - template - Copy\node_modules\mongoose\lib\schema\objectid.js:246:12)
      at ObjectId.SchemaType.applySetters (C:\Users\SUNYS\Desktop\NodeExpressMongoose - template - Copy\node_modules\mongoose\lib\schematype.js:1204:12)
      at ObjectId.SchemaType.castForQuery (C:\Users\SUNYS\Desktop\NodeExpressMongoose - template - Copy\node_modules\mongoose\lib\schematype.js:1616:15)
      at cast (C:\Users\SUNYS\Desktop\NodeExpressMongoose - template - Copy\node_modules\mongoose\lib\cast.js:356:32)
      at model.Query.Query.cast (C:\Users\SUNYS\Desktop\NodeExpressMongoose - template - Copy\node_modules\mongoose\lib\query.js:4866:12)
      at model.Query.Query._castConditions (C:\Users\SUNYS\Desktop\NodeExpressMongoose - template - Copy\node_modules\mongoose\lib\query.js:2210:10)
      at model.Query._findOne (C:\Users\SUNYS\Desktop\NodeExpressMongoose - template - Copy\node_modules\mongoose\lib\query.js:2497:8)
      at model.Query.exec (C:\Users\SUNYS\Desktop\NodeExpressMongoose - template - Copy\node_modules\mongoose\lib\query.js:4396:28),
  valueType: 'string',
  model: Model { User },
  level: 'error',
  message: 'globalErrorHandler Cast to ObjectId failed for value "undefined" (type string) at path "_id" for model "User"',
  stack: 'CastError: Cast to ObjectId failed for value "undefined" (type string) at path "_id" for model "User"\n' +
    '    at ObjectId.cast (C:\\Users\\SUNYS\\Desktop\\NodeExpressMongoose - template - Copy\\node_modules\\mongoose\\lib\\schema\\objectid.js:248:11)\n' +
    '    at ObjectId.SchemaType.applySetters (C:\\Users\\SUNYS\\Desktop\\NodeExpressMongoose - template - Copy\\node_modules\\mongoose\\lib\\schematype.js:1204:12)\n' +
    '    at ObjectId.SchemaType.castForQuery (C:\\Users\\SUNYS\\Desktop\\NodeExpressMongoose - template - Copy\\node_modules\\mongoose\\lib\\schematype.js:1616:15)\n' +
    '    at cast (C:\\Users\\SUNYS\\Desktop\\NodeExpressMongoose - template - Copy\\node_modules\\mongoose\\lib\\cast.js:356:32)\n' +
    '    at model.Query.Query.cast (C:\\Users\\SUNYS\\Desktop\\NodeExpressMongoose - template - Copy\\node_modules\\mongoose\\lib\\query.js:4866:12)\n' +
    '    at model.Query.Query._castConditions (C:\\Users\\SUNYS\\Desktop\\NodeExpressMongoose - template - Copy\\node_modules\\mongoose\\lib\\query.js:2210:10)\n' +
    '    at model.Query._findOne (C:\\Users\\SUNYS\\Desktop\\NodeExpressMongoose - template - Copy\\node_modules\\mongoose\\lib\\query.js:2497:8)\n' +
    '    at model.Query.exec (C:\\Users\\SUNYS\\Desktop\\NodeExpressMongoose - template - Copy\\node_modules\\mongoose\\lib\\query.js:4396:28)\n' +
    '    at processTicksAndRejections (node:internal/process/task_queues:95:5)',
  label: 'NodeExpressMongoose',
  timestamp: '2023-07-17T08:06:53.031Z'
}
{
  stringValue: `"[ { wishlist: '64b4f30c7ec2840b71d0cc1d' } ]"`,
  messageFormat: undefined,
  kind: '[ObjectId]',
  value: "[ { wishlist: '64b4f30c7ec2840b71d0cc1d' } ]",
  path: 'wishlist.0',
  reason: CastError: Cast to ObjectId failed for value "{ wishlist: '64b4f30c7ec2840b71d0cc1d' }" (type Object) at path "wishlist" because of "BSONError"
      at ObjectId.cast (C:\Users\SUNYS\Desktop\NodeExpressMongoose - template - Copy\node_modules\mongoose\lib\schema\objectid.js:248:11)
      at ObjectId.SchemaType.applySetters (C:\Users\SUNYS\Desktop\NodeExpressMongoose - template - Copy\node_modules\mongoose\lib\schematype.js:1204:12)
      at SchemaArray.cast (C:\Users\SUNYS\Desktop\NodeExpressMongoose - template - Copy\node_modules\mongoose\lib\schema\array.js:402:32)
      at SchemaArray.SchemaType.applySetters (C:\Users\SUNYS\Desktop\NodeExpressMongoose - template - Copy\node_modules\mongoose\lib\schematype.js:1204:12)
      at castUpdateVal (C:\Users\SUNYS\Desktop\NodeExpressMongoose - template - Copy\node_modules\mongoose\lib\helpers\query\castUpdate.js:506:22)
      at walkUpdatePath (C:\Users\SUNYS\Desktop\NodeExpressMongoose - template - Copy\node_modules\mongoose\lib\helpers\query\castUpdate.js:261:26)
      at castUpdate (C:\Users\SUNYS\Desktop\NodeExpressMongoose - template - Copy\node_modules\mongoose\lib\helpers\query\castUpdate.js:92:7)
      at model.Query._castUpdate (C:\Users\SUNYS\Desktop\NodeExpressMongoose - template - Copy\node_modules\mongoose\lib\query.js:4665:10)
      at model.Query._findOneAndUpdate (C:\Users\SUNYS\Desktop\NodeExpressMongoose - template - Copy\node_modules\mongoose\lib\query.js:3302:23)
      at model.Query.exec (C:\Users\SUNYS\Desktop\NodeExpressMongoose - template - Copy\node_modules\mongoose\lib\query.js:4396:28) {
    stringValue: `"{ wishlist: '64b4f30c7ec2840b71d0cc1d' }"`,
    messageFormat: undefined,
    kind: 'ObjectId',
    value: { wishlist: '64b4f30c7ec2840b71d0cc1d' },
    path: 'wishlist',
    reason: BSONError: Argument passed in must be a string of 12 bytes or a string of 24 hex characters or an integer
        at new ObjectId (C:\Users\SUNYS\Desktop\NodeExpressMongoose - template - Copy\node_modules\bson\src\objectid.ts:88:15)
        at castObjectId (C:\Users\SUNYS\Desktop\NodeExpressMongoose - template - Copy\node_modules\mongoose\lib\cast\objectid.js:25:12)
        at ObjectId.cast (C:\Users\SUNYS\Desktop\NodeExpressMongoose - template - Copy\node_modules\mongoose\lib\schema\objectid.js:246:12)
        at ObjectId.SchemaType.applySetters (C:\Users\SUNYS\Desktop\NodeExpressMongoose - template - Copy\node_modules\mongoose\lib\schematype.js:1204:12)
        at SchemaArray.cast (C:\Users\SUNYS\Desktop\NodeExpressMongoose - template - Copy\node_modules\mongoose\lib\schema\array.js:402:32)
        at SchemaArray.SchemaType.applySetters (C:\Users\SUNYS\Desktop\NodeExpressMongoose - template - Copy\node_modules\mongoose\lib\schematype.js:1204:12)
        at castUpdateVal (C:\Users\SUNYS\Desktop\NodeExpressMongoose - template - Copy\node_modules\mongoose\lib\helpers\query\castUpdate.js:506:22)
        at walkUpdatePath (C:\Users\SUNYS\Desktop\NodeExpressMongoose - template - Copy\node_modules\mongoose\lib\helpers\query\castUpdate.js:261:26)
        at castUpdate (C:\Users\SUNYS\Desktop\NodeExpressMongoose - template - Copy\node_modules\mongoose\lib\helpers\query\castUpdate.js:92:7)
        at model.Query._castUpdate (C:\Users\SUNYS\Desktop\NodeExpressMongoose - template - Copy\node_modules\mongoose\lib\query.js:4665:10),
    valueType: 'Object'
  },
  valueType: 'string',
  level: 'error',
  message: `globalErrorHandler Cast to [ObjectId] failed for value "[ { wishlist: '64b4f30c7ec2840b71d0cc1d' } ]" (type string) at path "wishlist.0" because of "CastError"`,
  stack: `CastError: Cast to [ObjectId] failed for value "[ { wishlist: '64b4f30c7ec2840b71d0cc1d' } ]" (type string) at path "wishlist.0" because of "CastError"\n` +
    '    at SchemaArray.cast (C:\\Users\\SUNYS\\Desktop\\NodeExpressMongoose - template - Copy\\node_modules\\mongoose\\lib\\schema\\array.js:406:15)\n' +
    '    at SchemaArray.SchemaType.applySetters (C:\\Users\\SUNYS\\Desktop\\NodeExpressMongoose - template - Copy\\node_modules\\mongoose\\lib\\schematype.js:1204:12)\n' +
    '    at castUpdateVal (C:\\Users\\SUNYS\\Desktop\\NodeExpressMongoose - template - Copy\\node_modules\\mongoose\\lib\\helpers\\query\\castUpdate.js:506:22)\n' +
    '    at walkUpdatePath (C:\\Users\\SUNYS\\Desktop\\NodeExpressMongoose - template - Copy\\node_modules\\mongoose\\lib\\helpers\\query\\castUpdate.js:261:26)\n' +
    '    at castUpdate (C:\\Users\\SUNYS\\Desktop\\NodeExpressMongoose - template - Copy\\node_modules\\mongoose\\lib\\helpers\\query\\castUpdate.js:92:7)\n' +
    '    at model.Query._castUpdate (C:\\Users\\SUNYS\\Desktop\\NodeExpressMongoose - template - Copy\\node_modules\\mongoose\\lib\\query.js:4665:10)\n' +
    '    at model.Query._findOneAndUpdate (C:\\Users\\SUNYS\\Desktop\\NodeExpressMongoose - template - Copy\\node_modules\\mongoose\\lib\\query.js:3302:23)\n' +
    '    at model.Query.exec (C:\\Users\\SUNYS\\Desktop\\NodeExpressMongoose - template - Copy\\node_modules\\mongoose\\lib\\query.js:4396:28)\n' +
    '    at processTicksAndRejections (node:internal/process/task_queues:95:5)',
  label: 'NodeExpressMongoose',
  timestamp: '2023-07-17T08:31:23.528Z'
}
