{
  stringValue: '"undefined"',
  messageFormat: undefined,
  kind: 'ObjectId',
  value: 'undefined',
  path: '_id',
  reason: BSONError: Argument passed in must be a string of 12 bytes or a string of 24 hex characters or an integer
      at new ObjectId (C:\Users\SUNYS\Desktop\NodeExpressMongoose - template - Copy\node_modules\bson\src\objectid.ts:88:15)
      at castObjectId (C:\Users\SUNYS\Desktop\NodeExpressMongoose - template - Copy\node_modules\mongoose\lib\cast\objectid.js:25:12)
      at ObjectId.cast (C:\Users\SUNYS\Desktop\NodeExpressMongoose - template - Copy\node_modules\mongoose\lib\schema\objectid.js:246:12)
      at ObjectId.SchemaType.applySetters (C:\Users\SUNYS\Desktop\NodeExpressMongoose - template - Copy\node_modules\mongoose\lib\schematype.js:1204:12)
      at ObjectId.SchemaType.castForQuery (C:\Users\SUNYS\Desktop\NodeExpressMongoose - template - Copy\node_modules\mongoose\lib\schematype.js:1616:15)
      at cast (C:\Users\SUNYS\Desktop\NodeExpressMongoose - template - Copy\node_modules\mongoose\lib\cast.js:356:32)
      at model.Query.Query.cast (C:\Users\SUNYS\Desktop\NodeExpressMongoose - template - Copy\node_modules\mongoose\lib\query.js:4866:12)
      at model.Query.Query._castConditions (C:\Users\SUNYS\Desktop\NodeExpressMongoose - template - Copy\node_modules\mongoose\lib\query.js:2210:10)
      at model.Query._findOne (C:\Users\SUNYS\Desktop\NodeExpressMongoose - template - Copy\node_modules\mongoose\lib\query.js:2497:8)
      at model.Query.exec (C:\Users\SUNYS\Desktop\NodeExpressMongoose - template - Copy\node_modules\mongoose\lib\query.js:4396:28),
  valueType: 'string',
  model: Model { User },
  level: 'error',
  message: 'globalErrorHandler Cast to ObjectId failed for value "undefined" (type string) at path "_id" for model "User"',
  stack: 'CastError: Cast to ObjectId failed for value "undefined" (type string) at path "_id" for model "User"\n' +
    '    at ObjectId.cast (C:\\Users\\SUNYS\\Desktop\\NodeExpressMongoose - template - Copy\\node_modules\\mongoose\\lib\\schema\\objectid.js:248:11)\n' +
    '    at ObjectId.SchemaType.applySetters (C:\\Users\\SUNYS\\Desktop\\NodeExpressMongoose - template - Copy\\node_modules\\mongoose\\lib\\schematype.js:1204:12)\n' +
    '    at ObjectId.SchemaType.castForQuery (C:\\Users\\SUNYS\\Desktop\\NodeExpressMongoose - template - Copy\\node_modules\\mongoose\\lib\\schematype.js:1616:15)\n' +
    '    at cast (C:\\Users\\SUNYS\\Desktop\\NodeExpressMongoose - template - Copy\\node_modules\\mongoose\\lib\\cast.js:356:32)\n' +
    '    at model.Query.Query.cast (C:\\Users\\SUNYS\\Desktop\\NodeExpressMongoose - template - Copy\\node_modules\\mongoose\\lib\\query.js:4866:12)\n' +
    '    at model.Query.Query._castConditions (C:\\Users\\SUNYS\\Desktop\\NodeExpressMongoose - template - Copy\\node_modules\\mongoose\\lib\\query.js:2210:10)\n' +
    '    at model.Query._findOne (C:\\Users\\SUNYS\\Desktop\\NodeExpressMongoose - template - Copy\\node_modules\\mongoose\\lib\\query.js:2497:8)\n' +
    '    at model.Query.exec (C:\\Users\\SUNYS\\Desktop\\NodeExpressMongoose - template - Copy\\node_modules\\mongoose\\lib\\query.js:4396:28)\n' +
    '    at processTicksAndRejections (node:internal/process/task_queues:95:5)',
  label: 'NodeExpressMongoose',
  timestamp: '2023-07-17T10:06:33.464Z'
}
{
  stringValue: '"undefined"',
  messageFormat: undefined,
  kind: 'ObjectId',
  value: 'undefined',
  path: '_id',
  reason: BSONError: Argument passed in must be a string of 12 bytes or a string of 24 hex characters or an integer
      at new ObjectId (C:\Users\SUNYS\Desktop\NodeExpressMongoose - template - Copy\node_modules\bson\src\objectid.ts:88:15)
      at castObjectId (C:\Users\SUNYS\Desktop\NodeExpressMongoose - template - Copy\node_modules\mongoose\lib\cast\objectid.js:25:12)
      at ObjectId.cast (C:\Users\SUNYS\Desktop\NodeExpressMongoose - template - Copy\node_modules\mongoose\lib\schema\objectid.js:246:12)
      at ObjectId.SchemaType.applySetters (C:\Users\SUNYS\Desktop\NodeExpressMongoose - template - Copy\node_modules\mongoose\lib\schematype.js:1204:12)
      at ObjectId.SchemaType.castForQuery (C:\Users\SUNYS\Desktop\NodeExpressMongoose - template - Copy\node_modules\mongoose\lib\schematype.js:1616:15)
      at cast (C:\Users\SUNYS\Desktop\NodeExpressMongoose - template - Copy\node_modules\mongoose\lib\cast.js:356:32)
      at model.Query.Query.cast (C:\Users\SUNYS\Desktop\NodeExpressMongoose - template - Copy\node_modules\mongoose\lib\query.js:4866:12)
      at model.Query.Query._castConditions (C:\Users\SUNYS\Desktop\NodeExpressMongoose - template - Copy\node_modules\mongoose\lib\query.js:2210:10)
      at model.Query._findOne (C:\Users\SUNYS\Desktop\NodeExpressMongoose - template - Copy\node_modules\mongoose\lib\query.js:2497:8)
      at model.Query.exec (C:\Users\SUNYS\Desktop\NodeExpressMongoose - template - Copy\node_modules\mongoose\lib\query.js:4396:28),
  valueType: 'string',
  model: Model { User },
  level: 'error',
  message: 'globalErrorHandler Cast to ObjectId failed for value "undefined" (type string) at path "_id" for model "User"',
  stack: 'CastError: Cast to ObjectId failed for value "undefined" (type string) at path "_id" for model "User"\n' +
    '    at ObjectId.cast (C:\\Users\\SUNYS\\Desktop\\NodeExpressMongoose - template - Copy\\node_modules\\mongoose\\lib\\schema\\objectid.js:248:11)\n' +
    '    at ObjectId.SchemaType.applySetters (C:\\Users\\SUNYS\\Desktop\\NodeExpressMongoose - template - Copy\\node_modules\\mongoose\\lib\\schematype.js:1204:12)\n' +
    '    at ObjectId.SchemaType.castForQuery (C:\\Users\\SUNYS\\Desktop\\NodeExpressMongoose - template - Copy\\node_modules\\mongoose\\lib\\schematype.js:1616:15)\n' +
    '    at cast (C:\\Users\\SUNYS\\Desktop\\NodeExpressMongoose - template - Copy\\node_modules\\mongoose\\lib\\cast.js:356:32)\n' +
    '    at model.Query.Query.cast (C:\\Users\\SUNYS\\Desktop\\NodeExpressMongoose - template - Copy\\node_modules\\mongoose\\lib\\query.js:4866:12)\n' +
    '    at model.Query.Query._castConditions (C:\\Users\\SUNYS\\Desktop\\NodeExpressMongoose - template - Copy\\node_modules\\mongoose\\lib\\query.js:2210:10)\n' +
    '    at model.Query._findOne (C:\\Users\\SUNYS\\Desktop\\NodeExpressMongoose - template - Copy\\node_modules\\mongoose\\lib\\query.js:2497:8)\n' +
    '    at model.Query.exec (C:\\Users\\SUNYS\\Desktop\\NodeExpressMongoose - template - Copy\\node_modules\\mongoose\\lib\\query.js:4396:28)\n' +
    '    at processTicksAndRejections (node:internal/process/task_queues:95:5)',
  label: 'NodeExpressMongoose',
  timestamp: '2023-07-17T10:10:24.907Z'
}
{
  stringValue: '"undefined"',
  messageFormat: undefined,
  kind: 'ObjectId',
  value: 'undefined',
  path: '_id',
  reason: BSONError: Argument passed in must be a string of 12 bytes or a string of 24 hex characters or an integer
      at new ObjectId (C:\Users\SUNYS\Desktop\NodeExpressMongoose - template - Copy\node_modules\bson\src\objectid.ts:88:15)
      at castObjectId (C:\Users\SUNYS\Desktop\NodeExpressMongoose - template - Copy\node_modules\mongoose\lib\cast\objectid.js:25:12)
      at ObjectId.cast (C:\Users\SUNYS\Desktop\NodeExpressMongoose - template - Copy\node_modules\mongoose\lib\schema\objectid.js:246:12)
      at ObjectId.SchemaType.applySetters (C:\Users\SUNYS\Desktop\NodeExpressMongoose - template - Copy\node_modules\mongoose\lib\schematype.js:1204:12)
      at ObjectId.SchemaType.castForQuery (C:\Users\SUNYS\Desktop\NodeExpressMongoose - template - Copy\node_modules\mongoose\lib\schematype.js:1616:15)
      at cast (C:\Users\SUNYS\Desktop\NodeExpressMongoose - template - Copy\node_modules\mongoose\lib\cast.js:356:32)
      at model.Query.Query.cast (C:\Users\SUNYS\Desktop\NodeExpressMongoose - template - Copy\node_modules\mongoose\lib\query.js:4866:12)
      at model.Query.Query._castConditions (C:\Users\SUNYS\Desktop\NodeExpressMongoose - template - Copy\node_modules\mongoose\lib\query.js:2210:10)
      at model.Query._findOne (C:\Users\SUNYS\Desktop\NodeExpressMongoose - template - Copy\node_modules\mongoose\lib\query.js:2497:8)
      at model.Query.exec (C:\Users\SUNYS\Desktop\NodeExpressMongoose - template - Copy\node_modules\mongoose\lib\query.js:4396:28),
  valueType: 'string',
  model: Model { User },
  level: 'error',
  message: 'globalErrorHandler Cast to ObjectId failed for value "undefined" (type string) at path "_id" for model "User"',
  stack: 'CastError: Cast to ObjectId failed for value "undefined" (type string) at path "_id" for model "User"\n' +
    '    at ObjectId.cast (C:\\Users\\SUNYS\\Desktop\\NodeExpressMongoose - template - Copy\\node_modules\\mongoose\\lib\\schema\\objectid.js:248:11)\n' +
    '    at ObjectId.SchemaType.applySetters (C:\\Users\\SUNYS\\Desktop\\NodeExpressMongoose - template - Copy\\node_modules\\mongoose\\lib\\schematype.js:1204:12)\n' +
    '    at ObjectId.SchemaType.castForQuery (C:\\Users\\SUNYS\\Desktop\\NodeExpressMongoose - template - Copy\\node_modules\\mongoose\\lib\\schematype.js:1616:15)\n' +
    '    at cast (C:\\Users\\SUNYS\\Desktop\\NodeExpressMongoose - template - Copy\\node_modules\\mongoose\\lib\\cast.js:356:32)\n' +
    '    at model.Query.Query.cast (C:\\Users\\SUNYS\\Desktop\\NodeExpressMongoose - template - Copy\\node_modules\\mongoose\\lib\\query.js:4866:12)\n' +
    '    at model.Query.Query._castConditions (C:\\Users\\SUNYS\\Desktop\\NodeExpressMongoose - template - Copy\\node_modules\\mongoose\\lib\\query.js:2210:10)\n' +
    '    at model.Query._findOne (C:\\Users\\SUNYS\\Desktop\\NodeExpressMongoose - template - Copy\\node_modules\\mongoose\\lib\\query.js:2497:8)\n' +
    '    at model.Query.exec (C:\\Users\\SUNYS\\Desktop\\NodeExpressMongoose - template - Copy\\node_modules\\mongoose\\lib\\query.js:4396:28)\n' +
    '    at processTicksAndRejections (node:internal/process/task_queues:95:5)',
  label: 'NodeExpressMongoose',
  timestamp: '2023-07-17T10:10:58.185Z'
}
{
  stringValue: '"undefined"',
  messageFormat: undefined,
  kind: 'ObjectId',
  value: 'undefined',
  path: '_id',
  reason: BSONError: Argument passed in must be a string of 12 bytes or a string of 24 hex characters or an integer
      at new ObjectId (C:\Users\SUNYS\Desktop\NodeExpressMongoose - template - Copy\node_modules\bson\src\objectid.ts:88:15)
      at castObjectId (C:\Users\SUNYS\Desktop\NodeExpressMongoose - template - Copy\node_modules\mongoose\lib\cast\objectid.js:25:12)
      at ObjectId.cast (C:\Users\SUNYS\Desktop\NodeExpressMongoose - template - Copy\node_modules\mongoose\lib\schema\objectid.js:246:12)
      at ObjectId.SchemaType.applySetters (C:\Users\SUNYS\Desktop\NodeExpressMongoose - template - Copy\node_modules\mongoose\lib\schematype.js:1204:12)
      at ObjectId.SchemaType.castForQuery (C:\Users\SUNYS\Desktop\NodeExpressMongoose - template - Copy\node_modules\mongoose\lib\schematype.js:1616:15)
      at cast (C:\Users\SUNYS\Desktop\NodeExpressMongoose - template - Copy\node_modules\mongoose\lib\cast.js:356:32)
      at model.Query.Query.cast (C:\Users\SUNYS\Desktop\NodeExpressMongoose - template - Copy\node_modules\mongoose\lib\query.js:4866:12)
      at model.Query.Query._castConditions (C:\Users\SUNYS\Desktop\NodeExpressMongoose - template - Copy\node_modules\mongoose\lib\query.js:2210:10)
      at model.Query._findOne (C:\Users\SUNYS\Desktop\NodeExpressMongoose - template - Copy\node_modules\mongoose\lib\query.js:2497:8)
      at model.Query.exec (C:\Users\SUNYS\Desktop\NodeExpressMongoose - template - Copy\node_modules\mongoose\lib\query.js:4396:28),
  valueType: 'string',
  model: Model { User },
  level: 'error',
  message: 'globalErrorHandler Cast to ObjectId failed for value "undefined" (type string) at path "_id" for model "User"',
  stack: 'CastError: Cast to ObjectId failed for value "undefined" (type string) at path "_id" for model "User"\n' +
    '    at ObjectId.cast (C:\\Users\\SUNYS\\Desktop\\NodeExpressMongoose - template - Copy\\node_modules\\mongoose\\lib\\schema\\objectid.js:248:11)\n' +
    '    at ObjectId.SchemaType.applySetters (C:\\Users\\SUNYS\\Desktop\\NodeExpressMongoose - template - Copy\\node_modules\\mongoose\\lib\\schematype.js:1204:12)\n' +
    '    at ObjectId.SchemaType.castForQuery (C:\\Users\\SUNYS\\Desktop\\NodeExpressMongoose - template - Copy\\node_modules\\mongoose\\lib\\schematype.js:1616:15)\n' +
    '    at cast (C:\\Users\\SUNYS\\Desktop\\NodeExpressMongoose - template - Copy\\node_modules\\mongoose\\lib\\cast.js:356:32)\n' +
    '    at model.Query.Query.cast (C:\\Users\\SUNYS\\Desktop\\NodeExpressMongoose - template - Copy\\node_modules\\mongoose\\lib\\query.js:4866:12)\n' +
    '    at model.Query.Query._castConditions (C:\\Users\\SUNYS\\Desktop\\NodeExpressMongoose - template - Copy\\node_modules\\mongoose\\lib\\query.js:2210:10)\n' +
    '    at model.Query._findOne (C:\\Users\\SUNYS\\Desktop\\NodeExpressMongoose - template - Copy\\node_modules\\mongoose\\lib\\query.js:2497:8)\n' +
    '    at model.Query.exec (C:\\Users\\SUNYS\\Desktop\\NodeExpressMongoose - template - Copy\\node_modules\\mongoose\\lib\\query.js:4396:28)\n' +
    '    at processTicksAndRejections (node:internal/process/task_queues:95:5)',
  label: 'NodeExpressMongoose',
  timestamp: '2023-07-17T10:11:19.686Z'
}
{
  stringValue: '"undefined"',
  messageFormat: undefined,
  kind: 'ObjectId',
  value: 'undefined',
  path: '_id',
  reason: BSONError: Argument passed in must be a string of 12 bytes or a string of 24 hex characters or an integer
      at new ObjectId (C:\Users\SUNYS\Desktop\NodeExpressMongoose - template - Copy\node_modules\bson\src\objectid.ts:88:15)
      at castObjectId (C:\Users\SUNYS\Desktop\NodeExpressMongoose - template - Copy\node_modules\mongoose\lib\cast\objectid.js:25:12)
      at ObjectId.cast (C:\Users\SUNYS\Desktop\NodeExpressMongoose - template - Copy\node_modules\mongoose\lib\schema\objectid.js:246:12)
      at ObjectId.SchemaType.applySetters (C:\Users\SUNYS\Desktop\NodeExpressMongoose - template - Copy\node_modules\mongoose\lib\schematype.js:1204:12)
      at ObjectId.SchemaType.castForQuery (C:\Users\SUNYS\Desktop\NodeExpressMongoose - template - Copy\node_modules\mongoose\lib\schematype.js:1616:15)
      at cast (C:\Users\SUNYS\Desktop\NodeExpressMongoose - template - Copy\node_modules\mongoose\lib\cast.js:356:32)
      at model.Query.Query.cast (C:\Users\SUNYS\Desktop\NodeExpressMongoose - template - Copy\node_modules\mongoose\lib\query.js:4866:12)
      at model.Query.Query._castConditions (C:\Users\SUNYS\Desktop\NodeExpressMongoose - template - Copy\node_modules\mongoose\lib\query.js:2210:10)
      at model.Query._findOne (C:\Users\SUNYS\Desktop\NodeExpressMongoose - template - Copy\node_modules\mongoose\lib\query.js:2497:8)
      at model.Query.exec (C:\Users\SUNYS\Desktop\NodeExpressMongoose - template - Copy\node_modules\mongoose\lib\query.js:4396:28),
  valueType: 'string',
  model: Model { User },
  level: 'error',
  message: 'globalErrorHandler Cast to ObjectId failed for value "undefined" (type string) at path "_id" for model "User"',
  stack: 'CastError: Cast to ObjectId failed for value "undefined" (type string) at path "_id" for model "User"\n' +
    '    at ObjectId.cast (C:\\Users\\SUNYS\\Desktop\\NodeExpressMongoose - template - Copy\\node_modules\\mongoose\\lib\\schema\\objectid.js:248:11)\n' +
    '    at ObjectId.SchemaType.applySetters (C:\\Users\\SUNYS\\Desktop\\NodeExpressMongoose - template - Copy\\node_modules\\mongoose\\lib\\schematype.js:1204:12)\n' +
    '    at ObjectId.SchemaType.castForQuery (C:\\Users\\SUNYS\\Desktop\\NodeExpressMongoose - template - Copy\\node_modules\\mongoose\\lib\\schematype.js:1616:15)\n' +
    '    at cast (C:\\Users\\SUNYS\\Desktop\\NodeExpressMongoose - template - Copy\\node_modules\\mongoose\\lib\\cast.js:356:32)\n' +
    '    at model.Query.Query.cast (C:\\Users\\SUNYS\\Desktop\\NodeExpressMongoose - template - Copy\\node_modules\\mongoose\\lib\\query.js:4866:12)\n' +
    '    at model.Query.Query._castConditions (C:\\Users\\SUNYS\\Desktop\\NodeExpressMongoose - template - Copy\\node_modules\\mongoose\\lib\\query.js:2210:10)\n' +
    '    at model.Query._findOne (C:\\Users\\SUNYS\\Desktop\\NodeExpressMongoose - template - Copy\\node_modules\\mongoose\\lib\\query.js:2497:8)\n' +
    '    at model.Query.exec (C:\\Users\\SUNYS\\Desktop\\NodeExpressMongoose - template - Copy\\node_modules\\mongoose\\lib\\query.js:4396:28)\n' +
    '    at processTicksAndRejections (node:internal/process/task_queues:95:5)',
  label: 'NodeExpressMongoose',
  timestamp: '2023-07-17T10:13:11.119Z'
}
{
  stringValue: '"undefined"',
  messageFormat: undefined,
  kind: 'ObjectId',
  value: 'undefined',
  path: '_id',
  reason: BSONError: Argument passed in must be a string of 12 bytes or a string of 24 hex characters or an integer
      at new ObjectId (C:\Users\SUNYS\Desktop\NodeExpressMongoose - template - Copy\node_modules\bson\src\objectid.ts:88:15)
      at castObjectId (C:\Users\SUNYS\Desktop\NodeExpressMongoose - template - Copy\node_modules\mongoose\lib\cast\objectid.js:25:12)
      at ObjectId.cast (C:\Users\SUNYS\Desktop\NodeExpressMongoose - template - Copy\node_modules\mongoose\lib\schema\objectid.js:246:12)
      at ObjectId.SchemaType.applySetters (C:\Users\SUNYS\Desktop\NodeExpressMongoose - template - Copy\node_modules\mongoose\lib\schematype.js:1204:12)
      at ObjectId.SchemaType.castForQuery (C:\Users\SUNYS\Desktop\NodeExpressMongoose - template - Copy\node_modules\mongoose\lib\schematype.js:1616:15)
      at cast (C:\Users\SUNYS\Desktop\NodeExpressMongoose - template - Copy\node_modules\mongoose\lib\cast.js:356:32)
      at model.Query.Query.cast (C:\Users\SUNYS\Desktop\NodeExpressMongoose - template - Copy\node_modules\mongoose\lib\query.js:4866:12)
      at model.Query.Query._castConditions (C:\Users\SUNYS\Desktop\NodeExpressMongoose - template - Copy\node_modules\mongoose\lib\query.js:2210:10)
      at model.Query._findOne (C:\Users\SUNYS\Desktop\NodeExpressMongoose - template - Copy\node_modules\mongoose\lib\query.js:2497:8)
      at model.Query.exec (C:\Users\SUNYS\Desktop\NodeExpressMongoose - template - Copy\node_modules\mongoose\lib\query.js:4396:28),
  valueType: 'string',
  model: Model { User },
  level: 'error',
  message: 'globalErrorHandler Cast to ObjectId failed for value "undefined" (type string) at path "_id" for model "User"',
  stack: 'CastError: Cast to ObjectId failed for value "undefined" (type string) at path "_id" for model "User"\n' +
    '    at ObjectId.cast (C:\\Users\\SUNYS\\Desktop\\NodeExpressMongoose - template - Copy\\node_modules\\mongoose\\lib\\schema\\objectid.js:248:11)\n' +
    '    at ObjectId.SchemaType.applySetters (C:\\Users\\SUNYS\\Desktop\\NodeExpressMongoose - template - Copy\\node_modules\\mongoose\\lib\\schematype.js:1204:12)\n' +
    '    at ObjectId.SchemaType.castForQuery (C:\\Users\\SUNYS\\Desktop\\NodeExpressMongoose - template - Copy\\node_modules\\mongoose\\lib\\schematype.js:1616:15)\n' +
    '    at cast (C:\\Users\\SUNYS\\Desktop\\NodeExpressMongoose - template - Copy\\node_modules\\mongoose\\lib\\cast.js:356:32)\n' +
    '    at model.Query.Query.cast (C:\\Users\\SUNYS\\Desktop\\NodeExpressMongoose - template - Copy\\node_modules\\mongoose\\lib\\query.js:4866:12)\n' +
    '    at model.Query.Query._castConditions (C:\\Users\\SUNYS\\Desktop\\NodeExpressMongoose - template - Copy\\node_modules\\mongoose\\lib\\query.js:2210:10)\n' +
    '    at model.Query._findOne (C:\\Users\\SUNYS\\Desktop\\NodeExpressMongoose - template - Copy\\node_modules\\mongoose\\lib\\query.js:2497:8)\n' +
    '    at model.Query.exec (C:\\Users\\SUNYS\\Desktop\\NodeExpressMongoose - template - Copy\\node_modules\\mongoose\\lib\\query.js:4396:28)\n' +
    '    at processTicksAndRejections (node:internal/process/task_queues:95:5)',
  label: 'NodeExpressMongoose',
  timestamp: '2023-07-17T10:13:22.045Z'
}
{
  stringValue: '"undefined"',
  messageFormat: undefined,
  kind: 'ObjectId',
  value: 'undefined',
  path: '_id',
  reason: BSONError: Argument passed in must be a string of 12 bytes or a string of 24 hex characters or an integer
      at new ObjectId (C:\Users\SUNYS\Desktop\NodeExpressMongoose - template - Copy\node_modules\bson\src\objectid.ts:88:15)
      at castObjectId (C:\Users\SUNYS\Desktop\NodeExpressMongoose - template - Copy\node_modules\mongoose\lib\cast\objectid.js:25:12)
      at ObjectId.cast (C:\Users\SUNYS\Desktop\NodeExpressMongoose - template - Copy\node_modules\mongoose\lib\schema\objectid.js:246:12)
      at ObjectId.SchemaType.applySetters (C:\Users\SUNYS\Desktop\NodeExpressMongoose - template - Copy\node_modules\mongoose\lib\schematype.js:1204:12)
      at ObjectId.SchemaType.castForQuery (C:\Users\SUNYS\Desktop\NodeExpressMongoose - template - Copy\node_modules\mongoose\lib\schematype.js:1616:15)
      at cast (C:\Users\SUNYS\Desktop\NodeExpressMongoose - template - Copy\node_modules\mongoose\lib\cast.js:356:32)
      at model.Query.Query.cast (C:\Users\SUNYS\Desktop\NodeExpressMongoose - template - Copy\node_modules\mongoose\lib\query.js:4866:12)
      at model.Query.Query._castConditions (C:\Users\SUNYS\Desktop\NodeExpressMongoose - template - Copy\node_modules\mongoose\lib\query.js:2210:10)
      at model.Query._findOne (C:\Users\SUNYS\Desktop\NodeExpressMongoose - template - Copy\node_modules\mongoose\lib\query.js:2497:8)
      at model.Query.exec (C:\Users\SUNYS\Desktop\NodeExpressMongoose - template - Copy\node_modules\mongoose\lib\query.js:4396:28),
  valueType: 'string',
  model: Model { User },
  level: 'error',
  message: 'globalErrorHandler Cast to ObjectId failed for value "undefined" (type string) at path "_id" for model "User"',
  stack: 'CastError: Cast to ObjectId failed for value "undefined" (type string) at path "_id" for model "User"\n' +
    '    at ObjectId.cast (C:\\Users\\SUNYS\\Desktop\\NodeExpressMongoose - template - Copy\\node_modules\\mongoose\\lib\\schema\\objectid.js:248:11)\n' +
    '    at ObjectId.SchemaType.applySetters (C:\\Users\\SUNYS\\Desktop\\NodeExpressMongoose - template - Copy\\node_modules\\mongoose\\lib\\schematype.js:1204:12)\n' +
    '    at ObjectId.SchemaType.castForQuery (C:\\Users\\SUNYS\\Desktop\\NodeExpressMongoose - template - Copy\\node_modules\\mongoose\\lib\\schematype.js:1616:15)\n' +
    '    at cast (C:\\Users\\SUNYS\\Desktop\\NodeExpressMongoose - template - Copy\\node_modules\\mongoose\\lib\\cast.js:356:32)\n' +
    '    at model.Query.Query.cast (C:\\Users\\SUNYS\\Desktop\\NodeExpressMongoose - template - Copy\\node_modules\\mongoose\\lib\\query.js:4866:12)\n' +
    '    at model.Query.Query._castConditions (C:\\Users\\SUNYS\\Desktop\\NodeExpressMongoose - template - Copy\\node_modules\\mongoose\\lib\\query.js:2210:10)\n' +
    '    at model.Query._findOne (C:\\Users\\SUNYS\\Desktop\\NodeExpressMongoose - template - Copy\\node_modules\\mongoose\\lib\\query.js:2497:8)\n' +
    '    at model.Query.exec (C:\\Users\\SUNYS\\Desktop\\NodeExpressMongoose - template - Copy\\node_modules\\mongoose\\lib\\query.js:4396:28)\n' +
    '    at processTicksAndRejections (node:internal/process/task_queues:95:5)',
  label: 'NodeExpressMongoose',
  timestamp: '2023-07-17T10:14:23.864Z'
}
{
  stringValue: '"undefined"',
  messageFormat: undefined,
  kind: 'ObjectId',
  value: 'undefined',
  path: '_id',
  reason: BSONError: Argument passed in must be a string of 12 bytes or a string of 24 hex characters or an integer
      at new ObjectId (C:\Users\SUNYS\Desktop\NodeExpressMongoose - template - Copy\node_modules\bson\src\objectid.ts:88:15)
      at castObjectId (C:\Users\SUNYS\Desktop\NodeExpressMongoose - template - Copy\node_modules\mongoose\lib\cast\objectid.js:25:12)
      at ObjectId.cast (C:\Users\SUNYS\Desktop\NodeExpressMongoose - template - Copy\node_modules\mongoose\lib\schema\objectid.js:246:12)
      at ObjectId.SchemaType.applySetters (C:\Users\SUNYS\Desktop\NodeExpressMongoose - template - Copy\node_modules\mongoose\lib\schematype.js:1204:12)
      at ObjectId.SchemaType.castForQuery (C:\Users\SUNYS\Desktop\NodeExpressMongoose - template - Copy\node_modules\mongoose\lib\schematype.js:1616:15)
      at cast (C:\Users\SUNYS\Desktop\NodeExpressMongoose - template - Copy\node_modules\mongoose\lib\cast.js:356:32)
      at model.Query.Query.cast (C:\Users\SUNYS\Desktop\NodeExpressMongoose - template - Copy\node_modules\mongoose\lib\query.js:4866:12)
      at model.Query.Query._castConditions (C:\Users\SUNYS\Desktop\NodeExpressMongoose - template - Copy\node_modules\mongoose\lib\query.js:2210:10)
      at model.Query._findOne (C:\Users\SUNYS\Desktop\NodeExpressMongoose - template - Copy\node_modules\mongoose\lib\query.js:2497:8)
      at model.Query.exec (C:\Users\SUNYS\Desktop\NodeExpressMongoose - template - Copy\node_modules\mongoose\lib\query.js:4396:28),
  valueType: 'string',
  model: Model { User },
  level: 'error',
  message: 'globalErrorHandler Cast to ObjectId failed for value "undefined" (type string) at path "_id" for model "User"',
  stack: 'CastError: Cast to ObjectId failed for value "undefined" (type string) at path "_id" for model "User"\n' +
    '    at ObjectId.cast (C:\\Users\\SUNYS\\Desktop\\NodeExpressMongoose - template - Copy\\node_modules\\mongoose\\lib\\schema\\objectid.js:248:11)\n' +
    '    at ObjectId.SchemaType.applySetters (C:\\Users\\SUNYS\\Desktop\\NodeExpressMongoose - template - Copy\\node_modules\\mongoose\\lib\\schematype.js:1204:12)\n' +
    '    at ObjectId.SchemaType.castForQuery (C:\\Users\\SUNYS\\Desktop\\NodeExpressMongoose - template - Copy\\node_modules\\mongoose\\lib\\schematype.js:1616:15)\n' +
    '    at cast (C:\\Users\\SUNYS\\Desktop\\NodeExpressMongoose - template - Copy\\node_modules\\mongoose\\lib\\cast.js:356:32)\n' +
    '    at model.Query.Query.cast (C:\\Users\\SUNYS\\Desktop\\NodeExpressMongoose - template - Copy\\node_modules\\mongoose\\lib\\query.js:4866:12)\n' +
    '    at model.Query.Query._castConditions (C:\\Users\\SUNYS\\Desktop\\NodeExpressMongoose - template - Copy\\node_modules\\mongoose\\lib\\query.js:2210:10)\n' +
    '    at model.Query._findOne (C:\\Users\\SUNYS\\Desktop\\NodeExpressMongoose - template - Copy\\node_modules\\mongoose\\lib\\query.js:2497:8)\n' +
    '    at model.Query.exec (C:\\Users\\SUNYS\\Desktop\\NodeExpressMongoose - template - Copy\\node_modules\\mongoose\\lib\\query.js:4396:28)\n' +
    '    at processTicksAndRejections (node:internal/process/task_queues:95:5)',
  label: 'NodeExpressMongoose',
  timestamp: '2023-07-17T10:15:17.374Z'
}
{
  stringValue: '"undefined"',
  messageFormat: undefined,
  kind: 'ObjectId',
  value: 'undefined',
  path: '_id',
  reason: BSONError: Argument passed in must be a string of 12 bytes or a string of 24 hex characters or an integer
      at new ObjectId (C:\Users\SUNYS\Desktop\NodeExpressMongoose - template - Copy\node_modules\bson\src\objectid.ts:88:15)
      at castObjectId (C:\Users\SUNYS\Desktop\NodeExpressMongoose - template - Copy\node_modules\mongoose\lib\cast\objectid.js:25:12)
      at ObjectId.cast (C:\Users\SUNYS\Desktop\NodeExpressMongoose - template - Copy\node_modules\mongoose\lib\schema\objectid.js:246:12)
      at ObjectId.SchemaType.applySetters (C:\Users\SUNYS\Desktop\NodeExpressMongoose - template - Copy\node_modules\mongoose\lib\schematype.js:1204:12)
      at ObjectId.SchemaType.castForQuery (C:\Users\SUNYS\Desktop\NodeExpressMongoose - template - Copy\node_modules\mongoose\lib\schematype.js:1616:15)
      at cast (C:\Users\SUNYS\Desktop\NodeExpressMongoose - template - Copy\node_modules\mongoose\lib\cast.js:356:32)
      at model.Query.Query.cast (C:\Users\SUNYS\Desktop\NodeExpressMongoose - template - Copy\node_modules\mongoose\lib\query.js:4866:12)
      at model.Query.Query._castConditions (C:\Users\SUNYS\Desktop\NodeExpressMongoose - template - Copy\node_modules\mongoose\lib\query.js:2210:10)
      at model.Query._findOne (C:\Users\SUNYS\Desktop\NodeExpressMongoose - template - Copy\node_modules\mongoose\lib\query.js:2497:8)
      at model.Query.exec (C:\Users\SUNYS\Desktop\NodeExpressMongoose - template - Copy\node_modules\mongoose\lib\query.js:4396:28),
  valueType: 'string',
  model: Model { User },
  level: 'error',
  message: 'globalErrorHandler Cast to ObjectId failed for value "undefined" (type string) at path "_id" for model "User"',
  stack: 'CastError: Cast to ObjectId failed for value "undefined" (type string) at path "_id" for model "User"\n' +
    '    at ObjectId.cast (C:\\Users\\SUNYS\\Desktop\\NodeExpressMongoose - template - Copy\\node_modules\\mongoose\\lib\\schema\\objectid.js:248:11)\n' +
    '    at ObjectId.SchemaType.applySetters (C:\\Users\\SUNYS\\Desktop\\NodeExpressMongoose - template - Copy\\node_modules\\mongoose\\lib\\schematype.js:1204:12)\n' +
    '    at ObjectId.SchemaType.castForQuery (C:\\Users\\SUNYS\\Desktop\\NodeExpressMongoose - template - Copy\\node_modules\\mongoose\\lib\\schematype.js:1616:15)\n' +
    '    at cast (C:\\Users\\SUNYS\\Desktop\\NodeExpressMongoose - template - Copy\\node_modules\\mongoose\\lib\\cast.js:356:32)\n' +
    '    at model.Query.Query.cast (C:\\Users\\SUNYS\\Desktop\\NodeExpressMongoose - template - Copy\\node_modules\\mongoose\\lib\\query.js:4866:12)\n' +
    '    at model.Query.Query._castConditions (C:\\Users\\SUNYS\\Desktop\\NodeExpressMongoose - template - Copy\\node_modules\\mongoose\\lib\\query.js:2210:10)\n' +
    '    at model.Query._findOne (C:\\Users\\SUNYS\\Desktop\\NodeExpressMongoose - template - Copy\\node_modules\\mongoose\\lib\\query.js:2497:8)\n' +
    '    at model.Query.exec (C:\\Users\\SUNYS\\Desktop\\NodeExpressMongoose - template - Copy\\node_modules\\mongoose\\lib\\query.js:4396:28)\n' +
    '    at processTicksAndRejections (node:internal/process/task_queues:95:5)',
  label: 'NodeExpressMongoose',
  timestamp: '2023-07-17T10:15:28.624Z'
}
{
  stringValue: '"undefined"',
  messageFormat: undefined,
  kind: 'ObjectId',
  value: 'undefined',
  path: '_id',
  reason: BSONError: Argument passed in must be a string of 12 bytes or a string of 24 hex characters or an integer
      at new ObjectId (C:\Users\SUNYS\Desktop\NodeExpressMongoose - template - Copy\node_modules\bson\src\objectid.ts:88:15)
      at castObjectId (C:\Users\SUNYS\Desktop\NodeExpressMongoose - template - Copy\node_modules\mongoose\lib\cast\objectid.js:25:12)
      at ObjectId.cast (C:\Users\SUNYS\Desktop\NodeExpressMongoose - template - Copy\node_modules\mongoose\lib\schema\objectid.js:246:12)
      at ObjectId.SchemaType.applySetters (C:\Users\SUNYS\Desktop\NodeExpressMongoose - template - Copy\node_modules\mongoose\lib\schematype.js:1204:12)
      at ObjectId.SchemaType.castForQuery (C:\Users\SUNYS\Desktop\NodeExpressMongoose - template - Copy\node_modules\mongoose\lib\schematype.js:1616:15)
      at cast (C:\Users\SUNYS\Desktop\NodeExpressMongoose - template - Copy\node_modules\mongoose\lib\cast.js:356:32)
      at model.Query.Query.cast (C:\Users\SUNYS\Desktop\NodeExpressMongoose - template - Copy\node_modules\mongoose\lib\query.js:4866:12)
      at model.Query.Query._castConditions (C:\Users\SUNYS\Desktop\NodeExpressMongoose - template - Copy\node_modules\mongoose\lib\query.js:2210:10)
      at model.Query._findOne (C:\Users\SUNYS\Desktop\NodeExpressMongoose - template - Copy\node_modules\mongoose\lib\query.js:2497:8)
      at model.Query.exec (C:\Users\SUNYS\Desktop\NodeExpressMongoose - template - Copy\node_modules\mongoose\lib\query.js:4396:28),
  valueType: 'string',
  model: Model { User },
  level: 'error',
  message: 'globalErrorHandler Cast to ObjectId failed for value "undefined" (type string) at path "_id" for model "User"',
  stack: 'CastError: Cast to ObjectId failed for value "undefined" (type string) at path "_id" for model "User"\n' +
    '    at ObjectId.cast (C:\\Users\\SUNYS\\Desktop\\NodeExpressMongoose - template - Copy\\node_modules\\mongoose\\lib\\schema\\objectid.js:248:11)\n' +
    '    at ObjectId.SchemaType.applySetters (C:\\Users\\SUNYS\\Desktop\\NodeExpressMongoose - template - Copy\\node_modules\\mongoose\\lib\\schematype.js:1204:12)\n' +
    '    at ObjectId.SchemaType.castForQuery (C:\\Users\\SUNYS\\Desktop\\NodeExpressMongoose - template - Copy\\node_modules\\mongoose\\lib\\schematype.js:1616:15)\n' +
    '    at cast (C:\\Users\\SUNYS\\Desktop\\NodeExpressMongoose - template - Copy\\node_modules\\mongoose\\lib\\cast.js:356:32)\n' +
    '    at model.Query.Query.cast (C:\\Users\\SUNYS\\Desktop\\NodeExpressMongoose - template - Copy\\node_modules\\mongoose\\lib\\query.js:4866:12)\n' +
    '    at model.Query.Query._castConditions (C:\\Users\\SUNYS\\Desktop\\NodeExpressMongoose - template - Copy\\node_modules\\mongoose\\lib\\query.js:2210:10)\n' +
    '    at model.Query._findOne (C:\\Users\\SUNYS\\Desktop\\NodeExpressMongoose - template - Copy\\node_modules\\mongoose\\lib\\query.js:2497:8)\n' +
    '    at model.Query.exec (C:\\Users\\SUNYS\\Desktop\\NodeExpressMongoose - template - Copy\\node_modules\\mongoose\\lib\\query.js:4396:28)\n' +
    '    at processTicksAndRejections (node:internal/process/task_queues:95:5)',
  label: 'NodeExpressMongoose',
  timestamp: '2023-07-17T10:15:58.769Z'
}
{
  statusCode: 409,
  level: 'error',
  message: 'globalErrorHandler Email already exist',
  stack: 'Error: Email already exist\n' +
    '    at model.<anonymous> (C:\\Users\\SUNYS\\Desktop\\NodeExpressMongoose - template - Copy\\src\\app\\modules\\users\\user.model.ts:74:22)\n' +
    '    at Generator.next (<anonymous>)\n' +
    '    at fulfilled (C:\\Users\\SUNYS\\Desktop\\NodeExpressMongoose - template - Copy\\src\\app\\modules\\users\\user.model.ts:5:58)\n' +
    '    at processTicksAndRejections (node:internal/process/task_queues:95:5)',
  label: 'NodeExpressMongoose',
  timestamp: '2023-07-17T10:28:09.722Z'
}
