{
  issues: [
    {
      code: 'invalid_type',
      expected: 'string',
      received: 'undefined',
      path: [ 'body', 'name' ],
      message: 'Name is required'
    },
    {
      code: 'invalid_type',
      expected: 'string',
      received: 'undefined',
      path: [ 'body', 'email' ],
      message: 'Email is required'
    }
  ],
  addIssue: [Function (anonymous)],
  addIssues: [Function (anonymous)],
  name: 'ZodError',
  level: 'error',
  message: 'globalErrorHandler [\n' +
    '  {\n' +
    '    "code": "invalid_type",\n' +
    '    "expected": "string",\n' +
    '    "received": "undefined",\n' +
    '    "path": [\n' +
    '      "body",\n' +
    '      "name"\n' +
    '    ],\n' +
    '    "message": "Name is required"\n' +
    '  },\n' +
    '  {\n' +
    '    "code": "invalid_type",\n' +
    '    "expected": "string",\n' +
    '    "received": "undefined",\n' +
    '    "path": [\n' +
    '      "body",\n' +
    '      "email"\n' +
    '    ],\n' +
    '    "message": "Email is required"\n' +
    '  }\n' +
    ']',
  stack: 'ZodError: [\n' +
    '  {\n' +
    '    "code": "invalid_type",\n' +
    '    "expected": "string",\n' +
    '    "received": "undefined",\n' +
    '    "path": [\n' +
    '      "body",\n' +
    '      "name"\n' +
    '    ],\n' +
    '    "message": "Name is required"\n' +
    '  },\n' +
    '  {\n' +
    '    "code": "invalid_type",\n' +
    '    "expected": "string",\n' +
    '    "received": "undefined",\n' +
    '    "path": [\n' +
    '      "body",\n' +
    '      "email"\n' +
    '    ],\n' +
    '    "message": "Email is required"\n' +
    '  }\n' +
    ']\n' +
    '    at Object.get error [as error] (C:\\Users\\SUNYS\\Desktop\\NodeExpressMongoose\\node_modules\\zod\\lib\\types.js:43:31)\n' +
    '    at ZodObject.parseAsync (C:\\Users\\SUNYS\\Desktop\\NodeExpressMongoose\\node_modules\\zod\\lib\\types.js:164:22)\n' +
    '    at processTicksAndRejections (node:internal/process/task_queues:95:5)',
  label: 'NodeExpressMongoose',
  timestamp: '2023-06-30T08:26:49.486Z'
}
{
  issues: [
    {
      code: 'invalid_type',
      expected: 'string',
      received: 'undefined',
      path: [ 'body', 'name' ],
      message: 'Name is required'
    },
    {
      code: 'invalid_type',
      expected: 'string',
      received: 'undefined',
      path: [ 'body', 'email' ],
      message: 'Email is required'
    }
  ],
  addIssue: [Function (anonymous)],
  addIssues: [Function (anonymous)],
  name: 'ZodError',
  level: 'error',
  message: 'globalErrorHandler [\n' +
    '  {\n' +
    '    "code": "invalid_type",\n' +
    '    "expected": "string",\n' +
    '    "received": "undefined",\n' +
    '    "path": [\n' +
    '      "body",\n' +
    '      "name"\n' +
    '    ],\n' +
    '    "message": "Name is required"\n' +
    '  },\n' +
    '  {\n' +
    '    "code": "invalid_type",\n' +
    '    "expected": "string",\n' +
    '    "received": "undefined",\n' +
    '    "path": [\n' +
    '      "body",\n' +
    '      "email"\n' +
    '    ],\n' +
    '    "message": "Email is required"\n' +
    '  }\n' +
    ']',
  stack: 'ZodError: [\n' +
    '  {\n' +
    '    "code": "invalid_type",\n' +
    '    "expected": "string",\n' +
    '    "received": "undefined",\n' +
    '    "path": [\n' +
    '      "body",\n' +
    '      "name"\n' +
    '    ],\n' +
    '    "message": "Name is required"\n' +
    '  },\n' +
    '  {\n' +
    '    "code": "invalid_type",\n' +
    '    "expected": "string",\n' +
    '    "received": "undefined",\n' +
    '    "path": [\n' +
    '      "body",\n' +
    '      "email"\n' +
    '    ],\n' +
    '    "message": "Email is required"\n' +
    '  }\n' +
    ']\n' +
    '    at Object.get error [as error] (C:\\Users\\SUNYS\\Desktop\\NodeExpressMongoose\\node_modules\\zod\\lib\\types.js:43:31)\n' +
    '    at ZodObject.parseAsync (C:\\Users\\SUNYS\\Desktop\\NodeExpressMongoose\\node_modules\\zod\\lib\\types.js:164:22)\n' +
    '    at processTicksAndRejections (node:internal/process/task_queues:95:5)',
  label: 'NodeExpressMongoose',
  timestamp: '2023-06-30T08:33:07.680Z'
}
{
  level: 'error',
  message: "globalErrorHandler Cannot set properties of undefined (setting 'id')",
  stack: "TypeError: Cannot set properties of undefined (setting 'id')\n" +
    '    at C:\\Users\\SUNYS\\Desktop\\NodeExpressMongoose\\src\\app\\modules\\users\\user.service.ts:9:10\n' +
    '    at Generator.next (<anonymous>)\n' +
    '    at fulfilled (C:\\Users\\SUNYS\\Desktop\\NodeExpressMongoose\\src\\app\\modules\\users\\user.service.ts:5:58)\n' +
    '    at processTicksAndRejections (node:internal/process/task_queues:95:5)',
  label: 'NodeExpressMongoose',
  timestamp: '2023-06-30T08:34:01.343Z'
}
{
  level: 'error',
  message: "globalErrorHandler Cannot set properties of undefined (setting 'id')",
  stack: "TypeError: Cannot set properties of undefined (setting 'id')\n" +
    '    at C:\\Users\\SUNYS\\Desktop\\NodeExpressMongoose\\src\\app\\modules\\users\\user.service.ts:9:10\n' +
    '    at Generator.next (<anonymous>)\n' +
    '    at fulfilled (C:\\Users\\SUNYS\\Desktop\\NodeExpressMongoose\\src\\app\\modules\\users\\user.service.ts:5:58)\n' +
    '    at processTicksAndRejections (node:internal/process/task_queues:95:5)',
  label: 'NodeExpressMongoose',
  timestamp: '2023-06-30T08:34:28.052Z'
}
{
  level: 'error',
  message: "globalErrorHandler Cannot set properties of undefined (setting 'id')",
  stack: "TypeError: Cannot set properties of undefined (setting 'id')\n" +
    '    at C:\\Users\\SUNYS\\Desktop\\NodeExpressMongoose\\src\\app\\modules\\users\\user.service.ts:9:10\n' +
    '    at Generator.next (<anonymous>)\n' +
    '    at fulfilled (C:\\Users\\SUNYS\\Desktop\\NodeExpressMongoose\\src\\app\\modules\\users\\user.service.ts:5:58)\n' +
    '    at processTicksAndRejections (node:internal/process/task_queues:95:5)',
  label: 'NodeExpressMongoose',
  timestamp: '2023-06-30T08:34:57.243Z'
}
{
  issues: [
    {
      code: 'invalid_type',
      expected: 'string',
      received: 'undefined',
      path: [ 'body', 'name' ],
      message: 'Name is required'
    },
    {
      code: 'invalid_type',
      expected: 'string',
      received: 'undefined',
      path: [ 'body', 'email' ],
      message: 'Email is required'
    }
  ],
  addIssue: [Function (anonymous)],
  addIssues: [Function (anonymous)],
  name: 'ZodError',
  level: 'error',
  message: 'globalErrorHandler [\n' +
    '  {\n' +
    '    "code": "invalid_type",\n' +
    '    "expected": "string",\n' +
    '    "received": "undefined",\n' +
    '    "path": [\n' +
    '      "body",\n' +
    '      "name"\n' +
    '    ],\n' +
    '    "message": "Name is required"\n' +
    '  },\n' +
    '  {\n' +
    '    "code": "invalid_type",\n' +
    '    "expected": "string",\n' +
    '    "received": "undefined",\n' +
    '    "path": [\n' +
    '      "body",\n' +
    '      "email"\n' +
    '    ],\n' +
    '    "message": "Email is required"\n' +
    '  }\n' +
    ']',
  stack: 'ZodError: [\n' +
    '  {\n' +
    '    "code": "invalid_type",\n' +
    '    "expected": "string",\n' +
    '    "received": "undefined",\n' +
    '    "path": [\n' +
    '      "body",\n' +
    '      "name"\n' +
    '    ],\n' +
    '    "message": "Name is required"\n' +
    '  },\n' +
    '  {\n' +
    '    "code": "invalid_type",\n' +
    '    "expected": "string",\n' +
    '    "received": "undefined",\n' +
    '    "path": [\n' +
    '      "body",\n' +
    '      "email"\n' +
    '    ],\n' +
    '    "message": "Email is required"\n' +
    '  }\n' +
    ']\n' +
    '    at Object.get error [as error] (C:\\Users\\SUNYS\\Desktop\\NodeExpressMongoose\\node_modules\\zod\\lib\\types.js:43:31)\n' +
    '    at ZodObject.parseAsync (C:\\Users\\SUNYS\\Desktop\\NodeExpressMongoose\\node_modules\\zod\\lib\\types.js:164:22)\n' +
    '    at processTicksAndRejections (node:internal/process/task_queues:95:5)',
  label: 'NodeExpressMongoose',
  timestamp: '2023-06-30T08:36:12.222Z'
}
{
  level: 'error',
  message: 'Database Connection failure!!! this.format.transform is not a function',
  stack: 'TypeError: this.format.transform is not a function\n' +
    '    at Console._write (C:\\Users\\SUNYS\\Desktop\\NodeExpressMongoose\\node_modules\\winston-transport\\index.js:91:33)\n' +
    '    at doWrite (C:\\Users\\SUNYS\\Desktop\\NodeExpressMongoose\\node_modules\\readable-stream\\lib\\_stream_writable.js:390:139)\n' +
    '    at writeOrBuffer (C:\\Users\\SUNYS\\Desktop\\NodeExpressMongoose\\node_modules\\readable-stream\\lib\\_stream_writable.js:381:5)\n' +
    '    at Console.Writable.write (C:\\Users\\SUNYS\\Desktop\\NodeExpressMongoose\\node_modules\\readable-stream\\lib\\_stream_writable.js:302:11)\n' +
    '    at DerivedLogger.ondata (C:\\Users\\SUNYS\\Desktop\\NodeExpressMongoose\\node_modules\\readable-stream\\lib\\_stream_readable.js:629:20)\n' +
    '    at DerivedLogger.emit (node:events:525:35)\n' +
    '    at addChunk (C:\\Users\\SUNYS\\Desktop\\NodeExpressMongoose\\node_modules\\readable-stream\\lib\\_stream_readable.js:279:12)\n' +
    '    at readableAddChunk (C:\\Users\\SUNYS\\Desktop\\NodeExpressMongoose\\node_modules\\readable-stream\\lib\\_stream_readable.js:262:11)\n' +
    '    at DerivedLogger.Readable.push (C:\\Users\\SUNYS\\Desktop\\NodeExpressMongoose\\node_modules\\readable-stream\\lib\\_stream_readable.js:228:10)\n' +
    '    at DerivedLogger.Transform.push (C:\\Users\\SUNYS\\Desktop\\NodeExpressMongoose\\node_modules\\readable-stream\\lib\\_stream_transform.js:132:32)',
  label: 'NodeExpressMongoose',
  timestamp: '2023-06-30T08:50:08.577Z'
}
